INFO - 2023-06-15 00:03:00 --> Session: Class initialized using 'CodeIgniter\Session\Handlers\FileHandler' driver.
INFO - 2023-06-15 00:03:05 --> Session: Class initialized using 'CodeIgniter\Session\Handlers\FileHandler' driver.
INFO - 2023-06-15 00:03:06 --> Session: Class initialized using 'CodeIgniter\Session\Handlers\FileHandler' driver.
INFO - 2023-06-15 00:03:08 --> Session: Class initialized using 'CodeIgniter\Session\Handlers\FileHandler' driver.
INFO - 2023-06-15 00:03:20 --> Session: Class initialized using 'CodeIgniter\Session\Handlers\FileHandler' driver.
INFO - 2023-06-15 00:32:31 --> Session: Class initialized using 'CodeIgniter\Session\Handlers\FileHandler' driver.
INFO - 2023-06-15 00:32:37 --> Session: Class initialized using 'CodeIgniter\Session\Handlers\FileHandler' driver.
INFO - 2023-06-15 00:32:37 --> Session: Class initialized using 'CodeIgniter\Session\Handlers\FileHandler' driver.
ERROR - 2023-06-15 00:32:43 --> mysqli_sql_exception: Unknown column 'ROOMS.R_ATTENDANT' in 'on clause' in C:\xampp\htdocs\Booking_Meeting\system\Database\MySQLi\Connection.php:295
Stack trace:
#0 C:\xampp\htdocs\Booking_Meeting\system\Database\MySQLi\Connection.php(295): mysqli->query('SELECT *\nFROM `...', 0)
#1 C:\xampp\htdocs\Booking_Meeting\system\Database\BaseConnection.php(692): CodeIgniter\Database\MySQLi\Connection->execute('SELECT *\nFROM `...')
#2 C:\xampp\htdocs\Booking_Meeting\system\Database\BaseConnection.php(606): CodeIgniter\Database\BaseConnection->simpleQuery('SELECT *\nFROM `...')
#3 C:\xampp\htdocs\Booking_Meeting\system\Database\BaseBuilder.php(1616): CodeIgniter\Database\BaseConnection->query('SELECT *\nFROM `...', Array, false)
#4 C:\xampp\htdocs\Booking_Meeting\app\Models\RoomsModel.php(27): CodeIgniter\Database\BaseBuilder->get()
#5 C:\xampp\htdocs\Booking_Meeting\app\Controllers\Rooms.php(33): App\Models\RoomsModel->getRoom_byCode('A2')
#6 C:\xampp\htdocs\Booking_Meeting\system\CodeIgniter.php(934): App\Controllers\Rooms->detail('A2')
#7 C:\xampp\htdocs\Booking_Meeting\system\CodeIgniter.php(499): CodeIgniter\CodeIgniter->runController(Object(App\Controllers\Rooms))
#8 C:\xampp\htdocs\Booking_Meeting\system\CodeIgniter.php(368): CodeIgniter\CodeIgniter->handleRequest(NULL, Object(Config\Cache), false)
#9 C:\xampp\htdocs\Booking_Meeting\index.php(67): CodeIgniter\CodeIgniter->run()
#10 {main}
CRITICAL - 2023-06-15 00:32:43 --> Unknown column 'ROOMS.R_ATTENDANT' in 'on clause'
in SYSTEMPATH\Database\MySQLi\Connection.php on line 295.
 1 SYSTEMPATH\Database\MySQLi\Connection.php(295): mysqli->query('SELECT *
FROM `ROOMS`
JOIN `USERS` ON `ROOMS`.`R_ATTENDANT` = `USERS`.`USER_ID`
WHERE `R_CODE` = \'A2\'
AND `IS_ACTIVE` >= 1', 0)
 2 SYSTEMPATH\Database\BaseConnection.php(692): CodeIgniter\Database\MySQLi\Connection->execute('SELECT *
FROM `ROOMS`
JOIN `USERS` ON `ROOMS`.`R_ATTENDANT` = `USERS`.`USER_ID`
WHERE `R_CODE` = \'A2\'
AND `IS_ACTIVE` >= 1')
 3 SYSTEMPATH\Database\BaseConnection.php(606): CodeIgniter\Database\BaseConnection->simpleQuery('SELECT *
FROM `ROOMS`
JOIN `USERS` ON `ROOMS`.`R_ATTENDANT` = `USERS`.`USER_ID`
WHERE `R_CODE` = \'A2\'
AND `IS_ACTIVE` >= 1')
 4 SYSTEMPATH\Database\BaseBuilder.php(1616): CodeIgniter\Database\BaseConnection->query('SELECT *
FROM `ROOMS`
JOIN `USERS` ON `ROOMS`.`R_ATTENDANT` = `USERS`.`USER_ID`
WHERE `R_CODE` = :R_CODE:
AND `IS_ACTIVE` >= :IS_ACTIVE:', [...], false)
 5 APPPATH\Models\RoomsModel.php(27): CodeIgniter\Database\BaseBuilder->get()
 6 APPPATH\Controllers\Rooms.php(33): App\Models\RoomsModel->getRoom_byCode('A2')
 7 SYSTEMPATH\CodeIgniter.php(934): App\Controllers\Rooms->detail('A2')
 8 SYSTEMPATH\CodeIgniter.php(499): CodeIgniter\CodeIgniter->runController(Object(App\Controllers\Rooms))
 9 SYSTEMPATH\CodeIgniter.php(368): CodeIgniter\CodeIgniter->handleRequest(null, Object(Config\Cache), false)
10 FCPATH\index.php(67): CodeIgniter\CodeIgniter->run()
INFO - 2023-06-15 00:32:45 --> Session: Class initialized using 'CodeIgniter\Session\Handlers\FileHandler' driver.
ERROR - 2023-06-15 00:32:46 --> mysqli_sql_exception: Unknown column 'ROOMS.R_ATTENDANT' in 'on clause' in C:\xampp\htdocs\Booking_Meeting\system\Database\MySQLi\Connection.php:295
Stack trace:
#0 C:\xampp\htdocs\Booking_Meeting\system\Database\MySQLi\Connection.php(295): mysqli->query('SELECT *\nFROM `...', 0)
#1 C:\xampp\htdocs\Booking_Meeting\system\Database\BaseConnection.php(692): CodeIgniter\Database\MySQLi\Connection->execute('SELECT *\nFROM `...')
#2 C:\xampp\htdocs\Booking_Meeting\system\Database\BaseConnection.php(606): CodeIgniter\Database\BaseConnection->simpleQuery('SELECT *\nFROM `...')
#3 C:\xampp\htdocs\Booking_Meeting\system\Database\BaseBuilder.php(1616): CodeIgniter\Database\BaseConnection->query('SELECT *\nFROM `...', Array, false)
#4 C:\xampp\htdocs\Booking_Meeting\app\Models\RoomsModel.php(27): CodeIgniter\Database\BaseBuilder->get()
#5 C:\xampp\htdocs\Booking_Meeting\app\Controllers\Rooms.php(33): App\Models\RoomsModel->getRoom_byCode('A1')
#6 C:\xampp\htdocs\Booking_Meeting\system\CodeIgniter.php(934): App\Controllers\Rooms->detail('A1')
#7 C:\xampp\htdocs\Booking_Meeting\system\CodeIgniter.php(499): CodeIgniter\CodeIgniter->runController(Object(App\Controllers\Rooms))
#8 C:\xampp\htdocs\Booking_Meeting\system\CodeIgniter.php(368): CodeIgniter\CodeIgniter->handleRequest(NULL, Object(Config\Cache), false)
#9 C:\xampp\htdocs\Booking_Meeting\index.php(67): CodeIgniter\CodeIgniter->run()
#10 {main}
CRITICAL - 2023-06-15 00:32:46 --> Unknown column 'ROOMS.R_ATTENDANT' in 'on clause'
in SYSTEMPATH\Database\MySQLi\Connection.php on line 295.
 1 SYSTEMPATH\Database\MySQLi\Connection.php(295): mysqli->query('SELECT *
FROM `ROOMS`
JOIN `USERS` ON `ROOMS`.`R_ATTENDANT` = `USERS`.`USER_ID`
WHERE `R_CODE` = \'A1\'
AND `IS_ACTIVE` >= 1', 0)
 2 SYSTEMPATH\Database\BaseConnection.php(692): CodeIgniter\Database\MySQLi\Connection->execute('SELECT *
FROM `ROOMS`
JOIN `USERS` ON `ROOMS`.`R_ATTENDANT` = `USERS`.`USER_ID`
WHERE `R_CODE` = \'A1\'
AND `IS_ACTIVE` >= 1')
 3 SYSTEMPATH\Database\BaseConnection.php(606): CodeIgniter\Database\BaseConnection->simpleQuery('SELECT *
FROM `ROOMS`
JOIN `USERS` ON `ROOMS`.`R_ATTENDANT` = `USERS`.`USER_ID`
WHERE `R_CODE` = \'A1\'
AND `IS_ACTIVE` >= 1')
 4 SYSTEMPATH\Database\BaseBuilder.php(1616): CodeIgniter\Database\BaseConnection->query('SELECT *
FROM `ROOMS`
JOIN `USERS` ON `ROOMS`.`R_ATTENDANT` = `USERS`.`USER_ID`
WHERE `R_CODE` = :R_CODE:
AND `IS_ACTIVE` >= :IS_ACTIVE:', [...], false)
 5 APPPATH\Models\RoomsModel.php(27): CodeIgniter\Database\BaseBuilder->get()
 6 APPPATH\Controllers\Rooms.php(33): App\Models\RoomsModel->getRoom_byCode('A1')
 7 SYSTEMPATH\CodeIgniter.php(934): App\Controllers\Rooms->detail('A1')
 8 SYSTEMPATH\CodeIgniter.php(499): CodeIgniter\CodeIgniter->runController(Object(App\Controllers\Rooms))
 9 SYSTEMPATH\CodeIgniter.php(368): CodeIgniter\CodeIgniter->handleRequest(null, Object(Config\Cache), false)
10 FCPATH\index.php(67): CodeIgniter\CodeIgniter->run()
INFO - 2023-06-15 00:32:50 --> Session: Class initialized using 'CodeIgniter\Session\Handlers\FileHandler' driver.
INFO - 2023-06-15 00:32:57 --> Session: Class initialized using 'CodeIgniter\Session\Handlers\FileHandler' driver.
INFO - 2023-06-15 00:32:59 --> Session: Class initialized using 'CodeIgniter\Session\Handlers\FileHandler' driver.
INFO - 2023-06-15 00:33:00 --> Session: Class initialized using 'CodeIgniter\Session\Handlers\FileHandler' driver.
INFO - 2023-06-15 05:13:12 --> Session: Class initialized using 'CodeIgniter\Session\Handlers\FileHandler' driver.
INFO - 2023-06-15 05:13:14 --> Session: Class initialized using 'CodeIgniter\Session\Handlers\FileHandler' driver.
INFO - 2023-06-15 05:13:15 --> Session: Class initialized using 'CodeIgniter\Session\Handlers\FileHandler' driver.
INFO - 2023-06-15 05:13:16 --> Session: Class initialized using 'CodeIgniter\Session\Handlers\FileHandler' driver.
INFO - 2023-06-15 05:13:18 --> Session: Class initialized using 'CodeIgniter\Session\Handlers\FileHandler' driver.
INFO - 2023-06-15 05:13:19 --> Session: Class initialized using 'CodeIgniter\Session\Handlers\FileHandler' driver.
INFO - 2023-06-15 05:13:28 --> Session: Class initialized using 'CodeIgniter\Session\Handlers\FileHandler' driver.
INFO - 2023-06-15 05:13:29 --> Session: Class initialized using 'CodeIgniter\Session\Handlers\FileHandler' driver.
INFO - 2023-06-15 05:13:31 --> Session: Class initialized using 'CodeIgniter\Session\Handlers\FileHandler' driver.
INFO - 2023-06-15 05:13:31 --> Session: Class initialized using 'CodeIgniter\Session\Handlers\FileHandler' driver.
ERROR - 2023-06-15 05:13:36 --> mysqli_sql_exception: Unknown column 'ROOMS.R_ATTENDANT' in 'on clause' in C:\xampp\htdocs\Booking_Meeting\system\Database\MySQLi\Connection.php:295
Stack trace:
#0 C:\xampp\htdocs\Booking_Meeting\system\Database\MySQLi\Connection.php(295): mysqli->query('SELECT *\nFROM `...', 0)
#1 C:\xampp\htdocs\Booking_Meeting\system\Database\BaseConnection.php(692): CodeIgniter\Database\MySQLi\Connection->execute('SELECT *\nFROM `...')
#2 C:\xampp\htdocs\Booking_Meeting\system\Database\BaseConnection.php(606): CodeIgniter\Database\BaseConnection->simpleQuery('SELECT *\nFROM `...')
#3 C:\xampp\htdocs\Booking_Meeting\system\Database\BaseBuilder.php(1616): CodeIgniter\Database\BaseConnection->query('SELECT *\nFROM `...', Array, false)
#4 C:\xampp\htdocs\Booking_Meeting\app\Models\RoomsModel.php(27): CodeIgniter\Database\BaseBuilder->get()
#5 C:\xampp\htdocs\Booking_Meeting\app\Controllers\Rooms.php(33): App\Models\RoomsModel->getRoom_byCode('A1')
#6 C:\xampp\htdocs\Booking_Meeting\system\CodeIgniter.php(934): App\Controllers\Rooms->detail('A1')
#7 C:\xampp\htdocs\Booking_Meeting\system\CodeIgniter.php(499): CodeIgniter\CodeIgniter->runController(Object(App\Controllers\Rooms))
#8 C:\xampp\htdocs\Booking_Meeting\system\CodeIgniter.php(368): CodeIgniter\CodeIgniter->handleRequest(NULL, Object(Config\Cache), false)
#9 C:\xampp\htdocs\Booking_Meeting\index.php(67): CodeIgniter\CodeIgniter->run()
#10 {main}
CRITICAL - 2023-06-15 05:13:36 --> Unknown column 'ROOMS.R_ATTENDANT' in 'on clause'
in SYSTEMPATH\Database\MySQLi\Connection.php on line 295.
 1 SYSTEMPATH\Database\MySQLi\Connection.php(295): mysqli->query('SELECT *
FROM `ROOMS`
JOIN `USERS` ON `ROOMS`.`R_ATTENDANT` = `USERS`.`USER_ID`
WHERE `R_CODE` = \'A1\'
AND `IS_ACTIVE` >= 1', 0)
 2 SYSTEMPATH\Database\BaseConnection.php(692): CodeIgniter\Database\MySQLi\Connection->execute('SELECT *
FROM `ROOMS`
JOIN `USERS` ON `ROOMS`.`R_ATTENDANT` = `USERS`.`USER_ID`
WHERE `R_CODE` = \'A1\'
AND `IS_ACTIVE` >= 1')
 3 SYSTEMPATH\Database\BaseConnection.php(606): CodeIgniter\Database\BaseConnection->simpleQuery('SELECT *
FROM `ROOMS`
JOIN `USERS` ON `ROOMS`.`R_ATTENDANT` = `USERS`.`USER_ID`
WHERE `R_CODE` = \'A1\'
AND `IS_ACTIVE` >= 1')
 4 SYSTEMPATH\Database\BaseBuilder.php(1616): CodeIgniter\Database\BaseConnection->query('SELECT *
FROM `ROOMS`
JOIN `USERS` ON `ROOMS`.`R_ATTENDANT` = `USERS`.`USER_ID`
WHERE `R_CODE` = :R_CODE:
AND `IS_ACTIVE` >= :IS_ACTIVE:', [...], false)
 5 APPPATH\Models\RoomsModel.php(27): CodeIgniter\Database\BaseBuilder->get()
 6 APPPATH\Controllers\Rooms.php(33): App\Models\RoomsModel->getRoom_byCode('A1')
 7 SYSTEMPATH\CodeIgniter.php(934): App\Controllers\Rooms->detail('A1')
 8 SYSTEMPATH\CodeIgniter.php(499): CodeIgniter\CodeIgniter->runController(Object(App\Controllers\Rooms))
 9 SYSTEMPATH\CodeIgniter.php(368): CodeIgniter\CodeIgniter->handleRequest(null, Object(Config\Cache), false)
10 FCPATH\index.php(67): CodeIgniter\CodeIgniter->run()
INFO - 2023-06-15 05:13:38 --> Session: Class initialized using 'CodeIgniter\Session\Handlers\FileHandler' driver.
INFO - 2023-06-15 05:13:41 --> Session: Class initialized using 'CodeIgniter\Session\Handlers\FileHandler' driver.
INFO - 2023-06-15 05:13:48 --> Session: Class initialized using 'CodeIgniter\Session\Handlers\FileHandler' driver.
INFO - 2023-06-15 05:13:52 --> Session: Class initialized using 'CodeIgniter\Session\Handlers\FileHandler' driver.
INFO - 2023-06-15 11:42:24 --> Session: Class initialized using 'CodeIgniter\Session\Handlers\FileHandler' driver.
INFO - 2023-06-15 11:42:26 --> Session: Class initialized using 'CodeIgniter\Session\Handlers\FileHandler' driver.
INFO - 2023-06-15 11:42:27 --> Session: Class initialized using 'CodeIgniter\Session\Handlers\FileHandler' driver.
INFO - 2023-06-15 11:42:27 --> Session: Class initialized using 'CodeIgniter\Session\Handlers\FileHandler' driver.
INFO - 2023-06-15 11:42:28 --> Session: Class initialized using 'CodeIgniter\Session\Handlers\FileHandler' driver.
INFO - 2023-06-15 11:42:28 --> Session: Class initialized using 'CodeIgniter\Session\Handlers\FileHandler' driver.
INFO - 2023-06-15 11:42:29 --> Session: Class initialized using 'CodeIgniter\Session\Handlers\FileHandler' driver.
INFO - 2023-06-15 11:42:29 --> Session: Class initialized using 'CodeIgniter\Session\Handlers\FileHandler' driver.
INFO - 2023-06-15 11:42:29 --> Session: Class initialized using 'CodeIgniter\Session\Handlers\FileHandler' driver.
INFO - 2023-06-15 11:42:30 --> Session: Class initialized using 'CodeIgniter\Session\Handlers\FileHandler' driver.
INFO - 2023-06-15 11:42:31 --> Session: Class initialized using 'CodeIgniter\Session\Handlers\FileHandler' driver.
INFO - 2023-06-15 11:42:31 --> Session: Class initialized using 'CodeIgniter\Session\Handlers\FileHandler' driver.
INFO - 2023-06-15 11:42:42 --> Session: Class initialized using 'CodeIgniter\Session\Handlers\FileHandler' driver.
INFO - 2023-06-15 11:42:42 --> Session: Class initialized using 'CodeIgniter\Session\Handlers\FileHandler' driver.
INFO - 2023-06-15 11:42:49 --> Session: Class initialized using 'CodeIgniter\Session\Handlers\FileHandler' driver.
INFO - 2023-06-15 11:42:49 --> Session: Class initialized using 'CodeIgniter\Session\Handlers\FileHandler' driver.
INFO - 2023-06-15 11:42:50 --> Session: Class initialized using 'CodeIgniter\Session\Handlers\FileHandler' driver.
INFO - 2023-06-15 11:42:50 --> Session: Class initialized using 'CodeIgniter\Session\Handlers\FileHandler' driver.
INFO - 2023-06-15 11:42:51 --> Session: Class initialized using 'CodeIgniter\Session\Handlers\FileHandler' driver.
INFO - 2023-06-15 11:42:51 --> Session: Class initialized using 'CodeIgniter\Session\Handlers\FileHandler' driver.
INFO - 2023-06-15 16:52:13 --> Session: Class initialized using 'CodeIgniter\Session\Handlers\FileHandler' driver.
CRITICAL - 2023-06-15 16:52:13 --> Undefined variable $firstname
in APPPATH\Views\layouts\admin\header-main.php on line 45.
 1 APPPATH\Views\layouts\admin\header-main.php(45): CodeIgniter\Debug\Exceptions->errorHandler(2, 'Undefined variable $firstname', 'C:\\xampp\\htdocs\\Booking_Meeting\\app\\Views\\layouts\\admin\\header-main.php', 45)
 2 SYSTEMPATH\View\View.php(213): include('C:\\xampp\\htdocs\\Booking_Meeting\\app\\Views\\layouts\\admin\\header-main.php')
 3 SYSTEMPATH\View\View.php(216): CodeIgniter\View\View->CodeIgniter\View\{closure}()
 4 SYSTEMPATH\View\View.php(229): CodeIgniter\View\View->render('layouts/admin/header-main', [], true)
 5 SYSTEMPATH\Common.php(1184): CodeIgniter\View\View->render('admin/user_management', [], true)
 6 APPPATH\Controllers\Admin.php(22): view('admin/user_management')
 7 SYSTEMPATH\CodeIgniter.php(934): App\Controllers\Admin->user_management()
 8 SYSTEMPATH\CodeIgniter.php(499): CodeIgniter\CodeIgniter->runController(Object(App\Controllers\Admin))
 9 SYSTEMPATH\CodeIgniter.php(368): CodeIgniter\CodeIgniter->handleRequest(null, Object(Config\Cache), false)
10 FCPATH\index.php(67): CodeIgniter\CodeIgniter->run()
INFO - 2023-06-15 18:45:04 --> Session: Class initialized using 'CodeIgniter\Session\Handlers\FileHandler' driver.
INFO - 2023-06-15 18:45:40 --> Session: Class initialized using 'CodeIgniter\Session\Handlers\FileHandler' driver.
INFO - 2023-06-15 18:45:40 --> Session: Class initialized using 'CodeIgniter\Session\Handlers\FileHandler' driver.
INFO - 2023-06-15 18:45:43 --> Session: Class initialized using 'CodeIgniter\Session\Handlers\FileHandler' driver.
INFO - 2023-06-15 18:45:44 --> Session: Class initialized using 'CodeIgniter\Session\Handlers\FileHandler' driver.
INFO - 2023-06-15 18:46:11 --> Session: Class initialized using 'CodeIgniter\Session\Handlers\FileHandler' driver.
INFO - 2023-06-15 18:46:15 --> Session: Class initialized using 'CodeIgniter\Session\Handlers\FileHandler' driver.
INFO - 2023-06-15 18:47:42 --> Session: Class initialized using 'CodeIgniter\Session\Handlers\FileHandler' driver.
INFO - 2023-06-15 18:49:23 --> Session: Class initialized using 'CodeIgniter\Session\Handlers\FileHandler' driver.
INFO - 2023-06-15 18:51:41 --> Session: Class initialized using 'CodeIgniter\Session\Handlers\FileHandler' driver.
INFO - 2023-06-15 18:51:43 --> Session: Class initialized using 'CodeIgniter\Session\Handlers\FileHandler' driver.
INFO - 2023-06-15 18:56:13 --> Session: Class initialized using 'CodeIgniter\Session\Handlers\FileHandler' driver.
INFO - 2023-06-15 18:56:43 --> Session: Class initialized using 'CodeIgniter\Session\Handlers\FileHandler' driver.
INFO - 2023-06-15 18:57:09 --> Session: Class initialized using 'CodeIgniter\Session\Handlers\FileHandler' driver.
