INFO - 2023-06-17 04:22:16 --> Session: Class initialized using 'CodeIgniter\Session\Handlers\FileHandler' driver.
INFO - 2023-06-17 04:22:16 --> Session: Class initialized using 'CodeIgniter\Session\Handlers\FileHandler' driver.
INFO - 2023-06-17 04:22:17 --> Session: Class initialized using 'CodeIgniter\Session\Handlers\FileHandler' driver.
INFO - 2023-06-17 04:22:19 --> Session: Class initialized using 'CodeIgniter\Session\Handlers\FileHandler' driver.
INFO - 2023-06-17 04:22:20 --> Session: Class initialized using 'CodeIgniter\Session\Handlers\FileHandler' driver.
INFO - 2023-06-17 04:22:23 --> Session: Class initialized using 'CodeIgniter\Session\Handlers\FileHandler' driver.
INFO - 2023-06-17 04:22:23 --> Session: Class initialized using 'CodeIgniter\Session\Handlers\FileHandler' driver.
INFO - 2023-06-17 04:22:24 --> Session: Class initialized using 'CodeIgniter\Session\Handlers\FileHandler' driver.
INFO - 2023-06-17 04:22:29 --> Session: Class initialized using 'CodeIgniter\Session\Handlers\FileHandler' driver.
INFO - 2023-06-17 04:22:30 --> Session: Class initialized using 'CodeIgniter\Session\Handlers\FileHandler' driver.
INFO - 2023-06-17 04:22:32 --> Session: Class initialized using 'CodeIgniter\Session\Handlers\FileHandler' driver.
INFO - 2023-06-17 04:22:32 --> Session: Class initialized using 'CodeIgniter\Session\Handlers\FileHandler' driver.
INFO - 2023-06-17 04:22:34 --> Session: Class initialized using 'CodeIgniter\Session\Handlers\FileHandler' driver.
INFO - 2023-06-17 04:22:36 --> Session: Class initialized using 'CodeIgniter\Session\Handlers\FileHandler' driver.
INFO - 2023-06-17 04:22:36 --> Session: Class initialized using 'CodeIgniter\Session\Handlers\FileHandler' driver.
INFO - 2023-06-17 05:44:08 --> Session: Class initialized using 'CodeIgniter\Session\Handlers\FileHandler' driver.
INFO - 2023-06-17 05:44:25 --> Session: Class initialized using 'CodeIgniter\Session\Handlers\FileHandler' driver.
INFO - 2023-06-17 05:44:27 --> Session: Class initialized using 'CodeIgniter\Session\Handlers\FileHandler' driver.
INFO - 2023-06-17 05:44:28 --> Session: Class initialized using 'CodeIgniter\Session\Handlers\FileHandler' driver.
INFO - 2023-06-17 06:26:34 --> Session: Class initialized using 'CodeIgniter\Session\Handlers\FileHandler' driver.
INFO - 2023-06-17 06:31:13 --> Session: Class initialized using 'CodeIgniter\Session\Handlers\FileHandler' driver.
CRITICAL - 2023-06-17 06:31:13 --> require_once(C:\xampp\htdocs\Booking_Meeting\app\Views/components_emp/wrapper.php): Failed to open stream: No such file or directory
in APPPATH\Views\admin\addroom.php on line 17.
 1 APPPATH\Views\admin\addroom.php(17): CodeIgniter\Debug\Exceptions->errorHandler(2, 'require_once(C:\\xampp\\htdocs\\Booking_Meeting\\app\\Views/components_emp/wrapper.php): Failed to open stream: No such file or directory', 'C:\\xampp\\htdocs\\Booking_Meeting\\app\\Views\\admin\\addroom.php', 17)
 2 APPPATH\Views\admin\addroom.php(17): require_once()
 3 SYSTEMPATH\View\View.php(213): include('C:\\xampp\\htdocs\\Booking_Meeting\\app\\Views\\admin\\addroom.php')
 4 SYSTEMPATH\View\View.php(216): CodeIgniter\View\View->CodeIgniter\View\{closure}()
 5 SYSTEMPATH\Common.php(1184): CodeIgniter\View\View->render('admin/addroom', [], true)
 6 APPPATH\Controllers\Admin.php(59): view('admin/addroom')
 7 SYSTEMPATH\CodeIgniter.php(934): App\Controllers\Admin->addroom()
 8 SYSTEMPATH\CodeIgniter.php(499): CodeIgniter\CodeIgniter->runController(Object(App\Controllers\Admin))
 9 SYSTEMPATH\CodeIgniter.php(368): CodeIgniter\CodeIgniter->handleRequest(null, Object(Config\Cache), false)
10 FCPATH\index.php(67): CodeIgniter\CodeIgniter->run()
INFO - 2023-06-17 06:31:34 --> Session: Class initialized using 'CodeIgniter\Session\Handlers\FileHandler' driver.
CRITICAL - 2023-06-17 06:31:34 --> require_once(C:\xampp\htdocs\Booking_Meeting\app\Views/admin/wrapper.php): Failed to open stream: No such file or directory
in APPPATH\Views\admin\addroom.php on line 17.
 1 APPPATH\Views\admin\addroom.php(17): CodeIgniter\Debug\Exceptions->errorHandler(2, 'require_once(C:\\xampp\\htdocs\\Booking_Meeting\\app\\Views/admin/wrapper.php): Failed to open stream: No such file or directory', 'C:\\xampp\\htdocs\\Booking_Meeting\\app\\Views\\admin\\addroom.php', 17)
 2 APPPATH\Views\admin\addroom.php(17): require_once()
 3 SYSTEMPATH\View\View.php(213): include('C:\\xampp\\htdocs\\Booking_Meeting\\app\\Views\\admin\\addroom.php')
 4 SYSTEMPATH\View\View.php(216): CodeIgniter\View\View->CodeIgniter\View\{closure}()
 5 SYSTEMPATH\Common.php(1184): CodeIgniter\View\View->render('admin/addroom', [], true)
 6 APPPATH\Controllers\Admin.php(59): view('admin/addroom')
 7 SYSTEMPATH\CodeIgniter.php(934): App\Controllers\Admin->addroom()
 8 SYSTEMPATH\CodeIgniter.php(499): CodeIgniter\CodeIgniter->runController(Object(App\Controllers\Admin))
 9 SYSTEMPATH\CodeIgniter.php(368): CodeIgniter\CodeIgniter->handleRequest(null, Object(Config\Cache), false)
10 FCPATH\index.php(67): CodeIgniter\CodeIgniter->run()
INFO - 2023-06-17 06:31:45 --> Session: Class initialized using 'CodeIgniter\Session\Handlers\FileHandler' driver.
CRITICAL - 2023-06-17 06:31:45 --> require_once(C:\xampp\htdocs\Booking_Meeting\app\Views/components_emp/navbar.php): Failed to open stream: No such file or directory
in APPPATH\Views\admin\addroom.php on line 18.
 1 APPPATH\Views\admin\addroom.php(18): CodeIgniter\Debug\Exceptions->errorHandler(2, 'require_once(C:\\xampp\\htdocs\\Booking_Meeting\\app\\Views/components_emp/navbar.php): Failed to open stream: No such file or directory', 'C:\\xampp\\htdocs\\Booking_Meeting\\app\\Views\\admin\\addroom.php', 18)
 2 APPPATH\Views\admin\addroom.php(18): require_once()
 3 SYSTEMPATH\View\View.php(213): include('C:\\xampp\\htdocs\\Booking_Meeting\\app\\Views\\admin\\addroom.php')
 4 SYSTEMPATH\View\View.php(216): CodeIgniter\View\View->CodeIgniter\View\{closure}()
 5 SYSTEMPATH\Common.php(1184): CodeIgniter\View\View->render('admin/addroom', [], true)
 6 APPPATH\Controllers\Admin.php(59): view('admin/addroom')
 7 SYSTEMPATH\CodeIgniter.php(934): App\Controllers\Admin->addroom()
 8 SYSTEMPATH\CodeIgniter.php(499): CodeIgniter\CodeIgniter->runController(Object(App\Controllers\Admin))
 9 SYSTEMPATH\CodeIgniter.php(368): CodeIgniter\CodeIgniter->handleRequest(null, Object(Config\Cache), false)
10 FCPATH\index.php(67): CodeIgniter\CodeIgniter->run()
INFO - 2023-06-17 06:31:52 --> Session: Class initialized using 'CodeIgniter\Session\Handlers\FileHandler' driver.
CRITICAL - 2023-06-17 06:31:52 --> Undefined variable $list_van
in APPPATH\Views\admin\addroom.php on line 37.
 1 APPPATH\Views\admin\addroom.php(37): CodeIgniter\Debug\Exceptions->errorHandler(2, 'Undefined variable $list_van', 'C:\\xampp\\htdocs\\Booking_Meeting\\app\\Views\\admin\\addroom.php', 37)
 2 SYSTEMPATH\View\View.php(213): include('C:\\xampp\\htdocs\\Booking_Meeting\\app\\Views\\admin\\addroom.php')
 3 SYSTEMPATH\View\View.php(216): CodeIgniter\View\View->CodeIgniter\View\{closure}()
 4 SYSTEMPATH\Common.php(1184): CodeIgniter\View\View->render('admin/addroom', [], true)
 5 APPPATH\Controllers\Admin.php(59): view('admin/addroom')
 6 SYSTEMPATH\CodeIgniter.php(934): App\Controllers\Admin->addroom()
 7 SYSTEMPATH\CodeIgniter.php(499): CodeIgniter\CodeIgniter->runController(Object(App\Controllers\Admin))
 8 SYSTEMPATH\CodeIgniter.php(368): CodeIgniter\CodeIgniter->handleRequest(null, Object(Config\Cache), false)
 9 FCPATH\index.php(67): CodeIgniter\CodeIgniter->run()
INFO - 2023-06-17 06:32:02 --> Session: Class initialized using 'CodeIgniter\Session\Handlers\FileHandler' driver.
CRITICAL - 2023-06-17 06:32:02 --> Unmatched '}'
in APPPATH\Views\admin\addroom.php on line 38.
 1 SYSTEMPATH\View\View.php(216): CodeIgniter\View\View->CodeIgniter\View\{closure}()
 2 SYSTEMPATH\Common.php(1184): CodeIgniter\View\View->render('admin/addroom', [], true)
 3 APPPATH\Controllers\Admin.php(59): view('admin/addroom')
 4 SYSTEMPATH\CodeIgniter.php(934): App\Controllers\Admin->addroom()
 5 SYSTEMPATH\CodeIgniter.php(499): CodeIgniter\CodeIgniter->runController(Object(App\Controllers\Admin))
 6 SYSTEMPATH\CodeIgniter.php(368): CodeIgniter\CodeIgniter->handleRequest(null, Object(Config\Cache), false)
 7 FCPATH\index.php(67): CodeIgniter\CodeIgniter->run()
INFO - 2023-06-17 06:32:11 --> Session: Class initialized using 'CodeIgniter\Session\Handlers\FileHandler' driver.
CRITICAL - 2023-06-17 06:32:11 --> Undefined variable $value
in APPPATH\Views\admin\addroom.php on line 37.
 1 APPPATH\Views\admin\addroom.php(37): CodeIgniter\Debug\Exceptions->errorHandler(2, 'Undefined variable $value', 'C:\\xampp\\htdocs\\Booking_Meeting\\app\\Views\\admin\\addroom.php', 37)
 2 SYSTEMPATH\View\View.php(213): include('C:\\xampp\\htdocs\\Booking_Meeting\\app\\Views\\admin\\addroom.php')
 3 SYSTEMPATH\View\View.php(216): CodeIgniter\View\View->CodeIgniter\View\{closure}()
 4 SYSTEMPATH\Common.php(1184): CodeIgniter\View\View->render('admin/addroom', [], true)
 5 APPPATH\Controllers\Admin.php(59): view('admin/addroom')
 6 SYSTEMPATH\CodeIgniter.php(934): App\Controllers\Admin->addroom()
 7 SYSTEMPATH\CodeIgniter.php(499): CodeIgniter\CodeIgniter->runController(Object(App\Controllers\Admin))
 8 SYSTEMPATH\CodeIgniter.php(368): CodeIgniter\CodeIgniter->handleRequest(null, Object(Config\Cache), false)
 9 FCPATH\index.php(67): CodeIgniter\CodeIgniter->run()
INFO - 2023-06-17 06:32:19 --> Session: Class initialized using 'CodeIgniter\Session\Handlers\FileHandler' driver.
CRITICAL - 2023-06-17 06:32:19 --> Undefined variable $list_Station
in APPPATH\Views\admin\addroom.php on line 72.
 1 APPPATH\Views\admin\addroom.php(72): CodeIgniter\Debug\Exceptions->errorHandler(2, 'Undefined variable $list_Station', 'C:\\xampp\\htdocs\\Booking_Meeting\\app\\Views\\admin\\addroom.php', 72)
 2 SYSTEMPATH\View\View.php(213): include('C:\\xampp\\htdocs\\Booking_Meeting\\app\\Views\\admin\\addroom.php')
 3 SYSTEMPATH\View\View.php(216): CodeIgniter\View\View->CodeIgniter\View\{closure}()
 4 SYSTEMPATH\Common.php(1184): CodeIgniter\View\View->render('admin/addroom', [], true)
 5 APPPATH\Controllers\Admin.php(59): view('admin/addroom')
 6 SYSTEMPATH\CodeIgniter.php(934): App\Controllers\Admin->addroom()
 7 SYSTEMPATH\CodeIgniter.php(499): CodeIgniter\CodeIgniter->runController(Object(App\Controllers\Admin))
 8 SYSTEMPATH\CodeIgniter.php(368): CodeIgniter\CodeIgniter->handleRequest(null, Object(Config\Cache), false)
 9 FCPATH\index.php(67): CodeIgniter\CodeIgniter->run()
INFO - 2023-06-17 06:32:29 --> Session: Class initialized using 'CodeIgniter\Session\Handlers\FileHandler' driver.
CRITICAL - 2023-06-17 06:32:29 --> Unmatched '}'
in APPPATH\Views\admin\addroom.php on line 73.
 1 SYSTEMPATH\View\View.php(216): CodeIgniter\View\View->CodeIgniter\View\{closure}()
 2 SYSTEMPATH\Common.php(1184): CodeIgniter\View\View->render('admin/addroom', [], true)
 3 APPPATH\Controllers\Admin.php(59): view('admin/addroom')
 4 SYSTEMPATH\CodeIgniter.php(934): App\Controllers\Admin->addroom()
 5 SYSTEMPATH\CodeIgniter.php(499): CodeIgniter\CodeIgniter->runController(Object(App\Controllers\Admin))
 6 SYSTEMPATH\CodeIgniter.php(368): CodeIgniter\CodeIgniter->handleRequest(null, Object(Config\Cache), false)
 7 FCPATH\index.php(67): CodeIgniter\CodeIgniter->run()
INFO - 2023-06-17 06:32:35 --> Session: Class initialized using 'CodeIgniter\Session\Handlers\FileHandler' driver.
CRITICAL - 2023-06-17 06:32:35 --> Undefined variable $value
in APPPATH\Views\admin\addroom.php on line 72.
 1 APPPATH\Views\admin\addroom.php(72): CodeIgniter\Debug\Exceptions->errorHandler(2, 'Undefined variable $value', 'C:\\xampp\\htdocs\\Booking_Meeting\\app\\Views\\admin\\addroom.php', 72)
 2 SYSTEMPATH\View\View.php(213): include('C:\\xampp\\htdocs\\Booking_Meeting\\app\\Views\\admin\\addroom.php')
 3 SYSTEMPATH\View\View.php(216): CodeIgniter\View\View->CodeIgniter\View\{closure}()
 4 SYSTEMPATH\Common.php(1184): CodeIgniter\View\View->render('admin/addroom', [], true)
 5 APPPATH\Controllers\Admin.php(59): view('admin/addroom')
 6 SYSTEMPATH\CodeIgniter.php(934): App\Controllers\Admin->addroom()
 7 SYSTEMPATH\CodeIgniter.php(499): CodeIgniter\CodeIgniter->runController(Object(App\Controllers\Admin))
 8 SYSTEMPATH\CodeIgniter.php(368): CodeIgniter\CodeIgniter->handleRequest(null, Object(Config\Cache), false)
 9 FCPATH\index.php(67): CodeIgniter\CodeIgniter->run()
INFO - 2023-06-17 06:32:41 --> Session: Class initialized using 'CodeIgniter\Session\Handlers\FileHandler' driver.
INFO - 2023-06-17 06:32:56 --> Session: Class initialized using 'CodeIgniter\Session\Handlers\FileHandler' driver.
INFO - 2023-06-17 06:34:14 --> Session: Class initialized using 'CodeIgniter\Session\Handlers\FileHandler' driver.
CRITICAL - 2023-06-17 06:34:14 --> require_once(C:\xampp\htdocs\Booking_Meeting\app\Views/components_emp/wrapper.php): Failed to open stream: No such file or directory
in APPPATH\Views\admin\user_management.php on line 33.
 1 APPPATH\Views\admin\user_management.php(33): CodeIgniter\Debug\Exceptions->errorHandler(2, 'require_once(C:\\xampp\\htdocs\\Booking_Meeting\\app\\Views/components_emp/wrapper.php): Failed to open stream: No such file or directory', 'C:\\xampp\\htdocs\\Booking_Meeting\\app\\Views\\admin\\user_management.php', 33)
 2 APPPATH\Views\admin\user_management.php(33): require_once()
 3 SYSTEMPATH\View\View.php(213): include('C:\\xampp\\htdocs\\Booking_Meeting\\app\\Views\\admin\\user_management.php')
 4 SYSTEMPATH\View\View.php(216): CodeIgniter\View\View->CodeIgniter\View\{closure}()
 5 SYSTEMPATH\Common.php(1184): CodeIgniter\View\View->render('admin/user_management', [], true)
 6 APPPATH\Controllers\Admin.php(24): view('admin/user_management')
 7 SYSTEMPATH\CodeIgniter.php(934): App\Controllers\Admin->user_management()
 8 SYSTEMPATH\CodeIgniter.php(499): CodeIgniter\CodeIgniter->runController(Object(App\Controllers\Admin))
 9 SYSTEMPATH\CodeIgniter.php(368): CodeIgniter\CodeIgniter->handleRequest(null, Object(Config\Cache), false)
10 FCPATH\index.php(67): CodeIgniter\CodeIgniter->run()
INFO - 2023-06-17 06:34:29 --> Session: Class initialized using 'CodeIgniter\Session\Handlers\FileHandler' driver.
CRITICAL - 2023-06-17 06:34:29 --> Undefined variable $pager
in APPPATH\Views\admin\user_management.php on line 39.
 1 APPPATH\Views\admin\user_management.php(39): CodeIgniter\Debug\Exceptions->errorHandler(2, 'Undefined variable $pager', 'C:\\xampp\\htdocs\\Booking_Meeting\\app\\Views\\admin\\user_management.php', 39)
 2 SYSTEMPATH\View\View.php(213): include('C:\\xampp\\htdocs\\Booking_Meeting\\app\\Views\\admin\\user_management.php')
 3 SYSTEMPATH\View\View.php(216): CodeIgniter\View\View->CodeIgniter\View\{closure}()
 4 SYSTEMPATH\Common.php(1184): CodeIgniter\View\View->render('admin/user_management', [], true)
 5 APPPATH\Controllers\Admin.php(24): view('admin/user_management')
 6 SYSTEMPATH\CodeIgniter.php(934): App\Controllers\Admin->user_management()
 7 SYSTEMPATH\CodeIgniter.php(499): CodeIgniter\CodeIgniter->runController(Object(App\Controllers\Admin))
 8 SYSTEMPATH\CodeIgniter.php(368): CodeIgniter\CodeIgniter->handleRequest(null, Object(Config\Cache), false)
 9 FCPATH\index.php(67): CodeIgniter\CodeIgniter->run()
INFO - 2023-06-17 06:34:37 --> Session: Class initialized using 'CodeIgniter\Session\Handlers\FileHandler' driver.
CRITICAL - 2023-06-17 06:34:37 --> Undefined variable $list_users
in APPPATH\Views\admin\user_management.php on line 51.
 1 APPPATH\Views\admin\user_management.php(51): CodeIgniter\Debug\Exceptions->errorHandler(2, 'Undefined variable $list_users', 'C:\\xampp\\htdocs\\Booking_Meeting\\app\\Views\\admin\\user_management.php', 51)
 2 SYSTEMPATH\View\View.php(213): include('C:\\xampp\\htdocs\\Booking_Meeting\\app\\Views\\admin\\user_management.php')
 3 SYSTEMPATH\View\View.php(216): CodeIgniter\View\View->CodeIgniter\View\{closure}()
 4 SYSTEMPATH\Common.php(1184): CodeIgniter\View\View->render('admin/user_management', [], true)
 5 APPPATH\Controllers\Admin.php(24): view('admin/user_management')
 6 SYSTEMPATH\CodeIgniter.php(934): App\Controllers\Admin->user_management()
 7 SYSTEMPATH\CodeIgniter.php(499): CodeIgniter\CodeIgniter->runController(Object(App\Controllers\Admin))
 8 SYSTEMPATH\CodeIgniter.php(368): CodeIgniter\CodeIgniter->handleRequest(null, Object(Config\Cache), false)
 9 FCPATH\index.php(67): CodeIgniter\CodeIgniter->run()
INFO - 2023-06-17 06:34:43 --> Session: Class initialized using 'CodeIgniter\Session\Handlers\FileHandler' driver.
CRITICAL - 2023-06-17 06:34:43 --> Unmatched '}'
in APPPATH\Views\admin\user_management.php on line 106.
 1 SYSTEMPATH\View\View.php(216): CodeIgniter\View\View->CodeIgniter\View\{closure}()
 2 SYSTEMPATH\Common.php(1184): CodeIgniter\View\View->render('admin/user_management', [], true)
 3 APPPATH\Controllers\Admin.php(24): view('admin/user_management')
 4 SYSTEMPATH\CodeIgniter.php(934): App\Controllers\Admin->user_management()
 5 SYSTEMPATH\CodeIgniter.php(499): CodeIgniter\CodeIgniter->runController(Object(App\Controllers\Admin))
 6 SYSTEMPATH\CodeIgniter.php(368): CodeIgniter\CodeIgniter->handleRequest(null, Object(Config\Cache), false)
 7 FCPATH\index.php(67): CodeIgniter\CodeIgniter->run()
INFO - 2023-06-17 06:34:49 --> Session: Class initialized using 'CodeIgniter\Session\Handlers\FileHandler' driver.
CRITICAL - 2023-06-17 06:34:49 --> Undefined variable $value
in APPPATH\Views\admin\user_management.php on line 55.
 1 APPPATH\Views\admin\user_management.php(55): CodeIgniter\Debug\Exceptions->errorHandler(2, 'Undefined variable $value', 'C:\\xampp\\htdocs\\Booking_Meeting\\app\\Views\\admin\\user_management.php', 55)
 2 SYSTEMPATH\View\View.php(213): include('C:\\xampp\\htdocs\\Booking_Meeting\\app\\Views\\admin\\user_management.php')
 3 SYSTEMPATH\View\View.php(216): CodeIgniter\View\View->CodeIgniter\View\{closure}()
 4 SYSTEMPATH\Common.php(1184): CodeIgniter\View\View->render('admin/user_management', [], true)
 5 APPPATH\Controllers\Admin.php(24): view('admin/user_management')
 6 SYSTEMPATH\CodeIgniter.php(934): App\Controllers\Admin->user_management()
 7 SYSTEMPATH\CodeIgniter.php(499): CodeIgniter\CodeIgniter->runController(Object(App\Controllers\Admin))
 8 SYSTEMPATH\CodeIgniter.php(368): CodeIgniter\CodeIgniter->handleRequest(null, Object(Config\Cache), false)
 9 FCPATH\index.php(67): CodeIgniter\CodeIgniter->run()
INFO - 2023-06-17 06:34:58 --> Session: Class initialized using 'CodeIgniter\Session\Handlers\FileHandler' driver.
CRITICAL - 2023-06-17 06:34:58 --> Undefined variable $value
in APPPATH\Views\admin\user_management.php on line 58.
 1 APPPATH\Views\admin\user_management.php(58): CodeIgniter\Debug\Exceptions->errorHandler(2, 'Undefined variable $value', 'C:\\xampp\\htdocs\\Booking_Meeting\\app\\Views\\admin\\user_management.php', 58)
 2 SYSTEMPATH\View\View.php(213): include('C:\\xampp\\htdocs\\Booking_Meeting\\app\\Views\\admin\\user_management.php')
 3 SYSTEMPATH\View\View.php(216): CodeIgniter\View\View->CodeIgniter\View\{closure}()
 4 SYSTEMPATH\Common.php(1184): CodeIgniter\View\View->render('admin/user_management', [], true)
 5 APPPATH\Controllers\Admin.php(24): view('admin/user_management')
 6 SYSTEMPATH\CodeIgniter.php(934): App\Controllers\Admin->user_management()
 7 SYSTEMPATH\CodeIgniter.php(499): CodeIgniter\CodeIgniter->runController(Object(App\Controllers\Admin))
 8 SYSTEMPATH\CodeIgniter.php(368): CodeIgniter\CodeIgniter->handleRequest(null, Object(Config\Cache), false)
 9 FCPATH\index.php(67): CodeIgniter\CodeIgniter->run()
INFO - 2023-06-17 06:35:12 --> Session: Class initialized using 'CodeIgniter\Session\Handlers\FileHandler' driver.
CRITICAL - 2023-06-17 06:35:12 --> Undefined variable $value
in APPPATH\Views\admin\user_management.php on line 60.
 1 APPPATH\Views\admin\user_management.php(60): CodeIgniter\Debug\Exceptions->errorHandler(2, 'Undefined variable $value', 'C:\\xampp\\htdocs\\Booking_Meeting\\app\\Views\\admin\\user_management.php', 60)
 2 SYSTEMPATH\View\View.php(213): include('C:\\xampp\\htdocs\\Booking_Meeting\\app\\Views\\admin\\user_management.php')
 3 SYSTEMPATH\View\View.php(216): CodeIgniter\View\View->CodeIgniter\View\{closure}()
 4 SYSTEMPATH\Common.php(1184): CodeIgniter\View\View->render('admin/user_management', [], true)
 5 APPPATH\Controllers\Admin.php(24): view('admin/user_management')
 6 SYSTEMPATH\CodeIgniter.php(934): App\Controllers\Admin->user_management()
 7 SYSTEMPATH\CodeIgniter.php(499): CodeIgniter\CodeIgniter->runController(Object(App\Controllers\Admin))
 8 SYSTEMPATH\CodeIgniter.php(368): CodeIgniter\CodeIgniter->handleRequest(null, Object(Config\Cache), false)
 9 FCPATH\index.php(67): CodeIgniter\CodeIgniter->run()
INFO - 2023-06-17 06:35:23 --> Session: Class initialized using 'CodeIgniter\Session\Handlers\FileHandler' driver.
CRITICAL - 2023-06-17 06:35:23 --> Undefined variable $value
in APPPATH\Views\admin\user_management.php on line 71.
 1 APPPATH\Views\admin\user_management.php(71): CodeIgniter\Debug\Exceptions->errorHandler(2, 'Undefined variable $value', 'C:\\xampp\\htdocs\\Booking_Meeting\\app\\Views\\admin\\user_management.php', 71)
 2 SYSTEMPATH\View\View.php(213): include('C:\\xampp\\htdocs\\Booking_Meeting\\app\\Views\\admin\\user_management.php')
 3 SYSTEMPATH\View\View.php(216): CodeIgniter\View\View->CodeIgniter\View\{closure}()
 4 SYSTEMPATH\Common.php(1184): CodeIgniter\View\View->render('admin/user_management', [], true)
 5 APPPATH\Controllers\Admin.php(24): view('admin/user_management')
 6 SYSTEMPATH\CodeIgniter.php(934): App\Controllers\Admin->user_management()
 7 SYSTEMPATH\CodeIgniter.php(499): CodeIgniter\CodeIgniter->runController(Object(App\Controllers\Admin))
 8 SYSTEMPATH\CodeIgniter.php(368): CodeIgniter\CodeIgniter->handleRequest(null, Object(Config\Cache), false)
 9 FCPATH\index.php(67): CodeIgniter\CodeIgniter->run()
INFO - 2023-06-17 06:35:31 --> Session: Class initialized using 'CodeIgniter\Session\Handlers\FileHandler' driver.
CRITICAL - 2023-06-17 06:35:31 --> Undefined variable $value
in APPPATH\Views\admin\user_management.php on line 80.
 1 APPPATH\Views\admin\user_management.php(80): CodeIgniter\Debug\Exceptions->errorHandler(2, 'Undefined variable $value', 'C:\\xampp\\htdocs\\Booking_Meeting\\app\\Views\\admin\\user_management.php', 80)
 2 SYSTEMPATH\View\View.php(213): include('C:\\xampp\\htdocs\\Booking_Meeting\\app\\Views\\admin\\user_management.php')
 3 SYSTEMPATH\View\View.php(216): CodeIgniter\View\View->CodeIgniter\View\{closure}()
 4 SYSTEMPATH\Common.php(1184): CodeIgniter\View\View->render('admin/user_management', [], true)
 5 APPPATH\Controllers\Admin.php(24): view('admin/user_management')
 6 SYSTEMPATH\CodeIgniter.php(934): App\Controllers\Admin->user_management()
 7 SYSTEMPATH\CodeIgniter.php(499): CodeIgniter\CodeIgniter->runController(Object(App\Controllers\Admin))
 8 SYSTEMPATH\CodeIgniter.php(368): CodeIgniter\CodeIgniter->handleRequest(null, Object(Config\Cache), false)
 9 FCPATH\index.php(67): CodeIgniter\CodeIgniter->run()
INFO - 2023-06-17 06:35:38 --> Session: Class initialized using 'CodeIgniter\Session\Handlers\FileHandler' driver.
CRITICAL - 2023-06-17 06:35:38 --> Undefined variable $value
in APPPATH\Views\admin\user_management.php on line 85.
 1 APPPATH\Views\admin\user_management.php(85): CodeIgniter\Debug\Exceptions->errorHandler(2, 'Undefined variable $value', 'C:\\xampp\\htdocs\\Booking_Meeting\\app\\Views\\admin\\user_management.php', 85)
 2 SYSTEMPATH\View\View.php(213): include('C:\\xampp\\htdocs\\Booking_Meeting\\app\\Views\\admin\\user_management.php')
 3 SYSTEMPATH\View\View.php(216): CodeIgniter\View\View->CodeIgniter\View\{closure}()
 4 SYSTEMPATH\Common.php(1184): CodeIgniter\View\View->render('admin/user_management', [], true)
 5 APPPATH\Controllers\Admin.php(24): view('admin/user_management')
 6 SYSTEMPATH\CodeIgniter.php(934): App\Controllers\Admin->user_management()
 7 SYSTEMPATH\CodeIgniter.php(499): CodeIgniter\CodeIgniter->runController(Object(App\Controllers\Admin))
 8 SYSTEMPATH\CodeIgniter.php(368): CodeIgniter\CodeIgniter->handleRequest(null, Object(Config\Cache), false)
 9 FCPATH\index.php(67): CodeIgniter\CodeIgniter->run()
INFO - 2023-06-17 06:35:53 --> Session: Class initialized using 'CodeIgniter\Session\Handlers\FileHandler' driver.
CRITICAL - 2023-06-17 06:35:53 --> Undefined variable $value
in APPPATH\Views\admin\user_management.php on line 87.
 1 APPPATH\Views\admin\user_management.php(87): CodeIgniter\Debug\Exceptions->errorHandler(2, 'Undefined variable $value', 'C:\\xampp\\htdocs\\Booking_Meeting\\app\\Views\\admin\\user_management.php', 87)
 2 SYSTEMPATH\View\View.php(213): include('C:\\xampp\\htdocs\\Booking_Meeting\\app\\Views\\admin\\user_management.php')
 3 SYSTEMPATH\View\View.php(216): CodeIgniter\View\View->CodeIgniter\View\{closure}()
 4 SYSTEMPATH\Common.php(1184): CodeIgniter\View\View->render('admin/user_management', [], true)
 5 APPPATH\Controllers\Admin.php(24): view('admin/user_management')
 6 SYSTEMPATH\CodeIgniter.php(934): App\Controllers\Admin->user_management()
 7 SYSTEMPATH\CodeIgniter.php(499): CodeIgniter\CodeIgniter->runController(Object(App\Controllers\Admin))
 8 SYSTEMPATH\CodeIgniter.php(368): CodeIgniter\CodeIgniter->handleRequest(null, Object(Config\Cache), false)
 9 FCPATH\index.php(67): CodeIgniter\CodeIgniter->run()
INFO - 2023-06-17 06:36:00 --> Session: Class initialized using 'CodeIgniter\Session\Handlers\FileHandler' driver.
CRITICAL - 2023-06-17 06:36:00 --> Undefined variable $date
in APPPATH\Views\admin\user_management.php on line 87.
 1 APPPATH\Views\admin\user_management.php(87): CodeIgniter\Debug\Exceptions->errorHandler(2, 'Undefined variable $date', 'C:\\xampp\\htdocs\\Booking_Meeting\\app\\Views\\admin\\user_management.php', 87)
 2 SYSTEMPATH\View\View.php(213): include('C:\\xampp\\htdocs\\Booking_Meeting\\app\\Views\\admin\\user_management.php')
 3 SYSTEMPATH\View\View.php(216): CodeIgniter\View\View->CodeIgniter\View\{closure}()
 4 SYSTEMPATH\Common.php(1184): CodeIgniter\View\View->render('admin/user_management', [], true)
 5 APPPATH\Controllers\Admin.php(24): view('admin/user_management')
 6 SYSTEMPATH\CodeIgniter.php(934): App\Controllers\Admin->user_management()
 7 SYSTEMPATH\CodeIgniter.php(499): CodeIgniter\CodeIgniter->runController(Object(App\Controllers\Admin))
 8 SYSTEMPATH\CodeIgniter.php(368): CodeIgniter\CodeIgniter->handleRequest(null, Object(Config\Cache), false)
 9 FCPATH\index.php(67): CodeIgniter\CodeIgniter->run()
INFO - 2023-06-17 06:36:06 --> Session: Class initialized using 'CodeIgniter\Session\Handlers\FileHandler' driver.
CRITICAL - 2023-06-17 06:36:06 --> Undefined variable $date
in APPPATH\Views\admin\user_management.php on line 86.
 1 APPPATH\Views\admin\user_management.php(86): CodeIgniter\Debug\Exceptions->errorHandler(2, 'Undefined variable $date', 'C:\\xampp\\htdocs\\Booking_Meeting\\app\\Views\\admin\\user_management.php', 86)
 2 SYSTEMPATH\View\View.php(213): include('C:\\xampp\\htdocs\\Booking_Meeting\\app\\Views\\admin\\user_management.php')
 3 SYSTEMPATH\View\View.php(216): CodeIgniter\View\View->CodeIgniter\View\{closure}()
 4 SYSTEMPATH\Common.php(1184): CodeIgniter\View\View->render('admin/user_management', [], true)
 5 APPPATH\Controllers\Admin.php(24): view('admin/user_management')
 6 SYSTEMPATH\CodeIgniter.php(934): App\Controllers\Admin->user_management()
 7 SYSTEMPATH\CodeIgniter.php(499): CodeIgniter\CodeIgniter->runController(Object(App\Controllers\Admin))
 8 SYSTEMPATH\CodeIgniter.php(368): CodeIgniter\CodeIgniter->handleRequest(null, Object(Config\Cache), false)
 9 FCPATH\index.php(67): CodeIgniter\CodeIgniter->run()
INFO - 2023-06-17 06:36:19 --> Session: Class initialized using 'CodeIgniter\Session\Handlers\FileHandler' driver.
INFO - 2023-06-17 06:37:51 --> Session: Class initialized using 'CodeIgniter\Session\Handlers\FileHandler' driver.
INFO - 2023-06-17 06:38:10 --> Session: Class initialized using 'CodeIgniter\Session\Handlers\FileHandler' driver.
INFO - 2023-06-17 06:38:26 --> Session: Class initialized using 'CodeIgniter\Session\Handlers\FileHandler' driver.
INFO - 2023-06-17 06:38:35 --> Session: Class initialized using 'CodeIgniter\Session\Handlers\FileHandler' driver.
INFO - 2023-06-17 06:38:56 --> Session: Class initialized using 'CodeIgniter\Session\Handlers\FileHandler' driver.
INFO - 2023-06-17 06:40:09 --> Session: Class initialized using 'CodeIgniter\Session\Handlers\FileHandler' driver.
INFO - 2023-06-17 06:40:17 --> Session: Class initialized using 'CodeIgniter\Session\Handlers\FileHandler' driver.
INFO - 2023-06-17 06:40:48 --> Session: Class initialized using 'CodeIgniter\Session\Handlers\FileHandler' driver.
INFO - 2023-06-17 06:40:50 --> Session: Class initialized using 'CodeIgniter\Session\Handlers\FileHandler' driver.
CRITICAL - 2023-06-17 06:40:50 --> Unclosed '{' on line 66
in APPPATH\Views\admin\user_management.php on line 79.
 1 SYSTEMPATH\View\View.php(216): CodeIgniter\View\View->CodeIgniter\View\{closure}()
 2 SYSTEMPATH\Common.php(1184): CodeIgniter\View\View->render('admin/user_management', [], true)
 3 APPPATH\Controllers\Admin.php(24): view('admin/user_management')
 4 SYSTEMPATH\CodeIgniter.php(934): App\Controllers\Admin->user_management()
 5 SYSTEMPATH\CodeIgniter.php(499): CodeIgniter\CodeIgniter->runController(Object(App\Controllers\Admin))
 6 SYSTEMPATH\CodeIgniter.php(368): CodeIgniter\CodeIgniter->handleRequest(null, Object(Config\Cache), false)
 7 FCPATH\index.php(67): CodeIgniter\CodeIgniter->run()
INFO - 2023-06-17 06:40:52 --> Session: Class initialized using 'CodeIgniter\Session\Handlers\FileHandler' driver.
CRITICAL - 2023-06-17 06:40:52 --> Unclosed '{' on line 66
in APPPATH\Views\admin\user_management.php on line 79.
 1 SYSTEMPATH\View\View.php(216): CodeIgniter\View\View->CodeIgniter\View\{closure}()
 2 SYSTEMPATH\Common.php(1184): CodeIgniter\View\View->render('admin/user_management', [], true)
 3 APPPATH\Controllers\Admin.php(24): view('admin/user_management')
 4 SYSTEMPATH\CodeIgniter.php(934): App\Controllers\Admin->user_management()
 5 SYSTEMPATH\CodeIgniter.php(499): CodeIgniter\CodeIgniter->runController(Object(App\Controllers\Admin))
 6 SYSTEMPATH\CodeIgniter.php(368): CodeIgniter\CodeIgniter->handleRequest(null, Object(Config\Cache), false)
 7 FCPATH\index.php(67): CodeIgniter\CodeIgniter->run()
INFO - 2023-06-17 06:41:05 --> Session: Class initialized using 'CodeIgniter\Session\Handlers\FileHandler' driver.
INFO - 2023-06-17 06:41:25 --> Session: Class initialized using 'CodeIgniter\Session\Handlers\FileHandler' driver.
INFO - 2023-06-17 21:01:00 --> Session: Class initialized using 'CodeIgniter\Session\Handlers\FileHandler' driver.
INFO - 2023-06-17 21:01:00 --> Session: Class initialized using 'CodeIgniter\Session\Handlers\FileHandler' driver.
