INFO - 2023-05-22 08:12:31 --> Session: Class initialized using 'CodeIgniter\Session\Handlers\FileHandler' driver.
INFO - 2023-05-22 08:32:13 --> Session: Class initialized using 'CodeIgniter\Session\Handlers\FileHandler' driver.
INFO - 2023-05-22 08:32:24 --> Session: Class initialized using 'CodeIgniter\Session\Handlers\FileHandler' driver.
INFO - 2023-05-22 08:32:49 --> Session: Class initialized using 'CodeIgniter\Session\Handlers\FileHandler' driver.
ERROR - 2023-05-22 08:32:49 --> Error connecting to the database: mysqli_sql_exception: Unknown database 'booking_meeting' in C:\xampp\htdocs\BookingMeeting\system\Database\MySQLi\Connection.php:174
Stack trace:
#0 C:\xampp\htdocs\BookingMeeting\system\Database\MySQLi\Connection.php(174): mysqli->real_connect('localhost', 'root', '', 'booking_meeting', 3306, '', 0)
#1 C:\xampp\htdocs\BookingMeeting\system\Database\BaseConnection.php(391): CodeIgniter\Database\MySQLi\Connection->connect(false)
#2 C:\xampp\htdocs\BookingMeeting\system\Database\BaseConnection.php(574): CodeIgniter\Database\BaseConnection->initialize()
#3 C:\xampp\htdocs\BookingMeeting\system\Database\BaseBuilder.php(1616): CodeIgniter\Database\BaseConnection->query('SELECT 1\nFROM `...', Array, false)
#4 C:\xampp\htdocs\BookingMeeting\system\Validation\StrictRules\Rules.php(206): CodeIgniter\Database\BaseBuilder->get()
#5 C:\xampp\htdocs\BookingMeeting\system\Validation\Validation.php(312): CodeIgniter\Validation\StrictRules\Rules->is_unique('Nonjarasy100700...', 'EMAIL', Array, NULL, 'email')
#6 C:\xampp\htdocs\BookingMeeting\system\Validation\Validation.php(170): CodeIgniter\Validation\Validation->processRules('email', 'email', 'Nonjarasy100700...', Array, Array)
#7 C:\xampp\htdocs\BookingMeeting\system\Controller.php(140): CodeIgniter\Validation\Validation->run()
#8 C:\xampp\htdocs\BookingMeeting\app\Controllers\user.php(80): CodeIgniter\Controller->validate(Array)
#9 C:\xampp\htdocs\BookingMeeting\system\CodeIgniter.php(934): App\Controllers\user->save_register()
#10 C:\xampp\htdocs\BookingMeeting\system\CodeIgniter.php(499): CodeIgniter\CodeIgniter->runController(Object(App\Controllers\user))
#11 C:\xampp\htdocs\BookingMeeting\system\CodeIgniter.php(368): CodeIgniter\CodeIgniter->handleRequest(NULL, Object(Config\Cache), false)
#12 C:\xampp\htdocs\BookingMeeting\public\index.php(67): CodeIgniter\CodeIgniter->run()
#13 C:\xampp\htdocs\BookingMeeting\system\Commands\Server\rewrite.php(47): require_once('C:\\xampp\\htdocs...')
#14 {main}

Next CodeIgniter\Database\Exceptions\DatabaseException: Unknown database 'booking_meeting' in C:\xampp\htdocs\BookingMeeting\system\Database\MySQLi\Connection.php:218
Stack trace:
#0 C:\xampp\htdocs\BookingMeeting\system\Database\BaseConnection.php(391): CodeIgniter\Database\MySQLi\Connection->connect(false)
#1 C:\xampp\htdocs\BookingMeeting\system\Database\BaseConnection.php(574): CodeIgniter\Database\BaseConnection->initialize()
#2 C:\xampp\htdocs\BookingMeeting\system\Database\BaseBuilder.php(1616): CodeIgniter\Database\BaseConnection->query('SELECT 1\nFROM `...', Array, false)
#3 C:\xampp\htdocs\BookingMeeting\system\Validation\StrictRules\Rules.php(206): CodeIgniter\Database\BaseBuilder->get()
#4 C:\xampp\htdocs\BookingMeeting\system\Validation\Validation.php(312): CodeIgniter\Validation\StrictRules\Rules->is_unique('Nonjarasy100700...', 'EMAIL', Array, NULL, 'email')
#5 C:\xampp\htdocs\BookingMeeting\system\Validation\Validation.php(170): CodeIgniter\Validation\Validation->processRules('email', 'email', 'Nonjarasy100700...', Array, Array)
#6 C:\xampp\htdocs\BookingMeeting\system\Controller.php(140): CodeIgniter\Validation\Validation->run()
#7 C:\xampp\htdocs\BookingMeeting\app\Controllers\user.php(80): CodeIgniter\Controller->validate(Array)
#8 C:\xampp\htdocs\BookingMeeting\system\CodeIgniter.php(934): App\Controllers\user->save_register()
#9 C:\xampp\htdocs\BookingMeeting\system\CodeIgniter.php(499): CodeIgniter\CodeIgniter->runController(Object(App\Controllers\user))
#10 C:\xampp\htdocs\BookingMeeting\system\CodeIgniter.php(368): CodeIgniter\CodeIgniter->handleRequest(NULL, Object(Config\Cache), false)
#11 C:\xampp\htdocs\BookingMeeting\public\index.php(67): CodeIgniter\CodeIgniter->run()
#12 C:\xampp\htdocs\BookingMeeting\system\Commands\Server\rewrite.php(47): require_once('C:\\xampp\\htdocs...')
#13 {main}
CRITICAL - 2023-05-22 08:32:49 --> Unable to connect to the database.
Main connection [MySQLi]: Unknown database 'booking_meeting'
in SYSTEMPATH\Database\BaseConnection.php on line 427.
 1 SYSTEMPATH\Database\BaseConnection.php(574): CodeIgniter\Database\BaseConnection->initialize()
 2 SYSTEMPATH\Database\BaseBuilder.php(1616): CodeIgniter\Database\BaseConnection->query('SELECT 1
FROM `USERS`
WHERE `EMAIL` = :EMAIL:
 LIMIT 1', [...], false)
 3 SYSTEMPATH\Validation\StrictRules\Rules.php(206): CodeIgniter\Database\BaseBuilder->get()
 4 SYSTEMPATH\Validation\Validation.php(312): CodeIgniter\Validation\StrictRules\Rules->is_unique('Nonjarasy100700@gmail.com', 'EMAIL', [...], null, 'email')
 5 SYSTEMPATH\Validation\Validation.php(170): CodeIgniter\Validation\Validation->processRules('email', 'email', 'Nonjarasy100700@gmail.com', [...], [...])
 6 SYSTEMPATH\Controller.php(140): CodeIgniter\Validation\Validation->run()
 7 APPPATH\Controllers\user.php(80): CodeIgniter\Controller->validate([...])
 8 SYSTEMPATH\CodeIgniter.php(934): App\Controllers\user->save_register()
 9 SYSTEMPATH\CodeIgniter.php(499): CodeIgniter\CodeIgniter->runController(Object(App\Controllers\user))
10 SYSTEMPATH\CodeIgniter.php(368): CodeIgniter\CodeIgniter->handleRequest(null, Object(Config\Cache), false)
11 FCPATH\index.php(67): CodeIgniter\CodeIgniter->run()
12 SYSTEMPATH\Commands\Server\rewrite.php(47): require_once('C:\\xampp\\htdocs\\BookingMeeting\\public\\index.php')
INFO - 2023-05-22 08:44:59 --> Session: Class initialized using 'CodeIgniter\Session\Handlers\FileHandler' driver.
ERROR - 2023-05-22 08:45:09 --> mysqli_sql_exception: Table 'booking_meeting.USERS' doesn't exist in C:\xampp\htdocs\BookingMeeting\system\Database\MySQLi\Connection.php:295
Stack trace:
#0 C:\xampp\htdocs\BookingMeeting\system\Database\MySQLi\Connection.php(295): mysqli->query('SELECT 1\nFROM `...', 0)
#1 C:\xampp\htdocs\BookingMeeting\system\Database\BaseConnection.php(692): CodeIgniter\Database\MySQLi\Connection->execute('SELECT 1\nFROM `...')
#2 C:\xampp\htdocs\BookingMeeting\system\Database\BaseConnection.php(606): CodeIgniter\Database\BaseConnection->simpleQuery('SELECT 1\nFROM `...')
#3 C:\xampp\htdocs\BookingMeeting\system\Database\BaseBuilder.php(1616): CodeIgniter\Database\BaseConnection->query('SELECT 1\nFROM `...', Array, false)
#4 C:\xampp\htdocs\BookingMeeting\system\Validation\StrictRules\Rules.php(206): CodeIgniter\Database\BaseBuilder->get()
#5 C:\xampp\htdocs\BookingMeeting\system\Validation\Validation.php(312): CodeIgniter\Validation\StrictRules\Rules->is_unique('Nonjarasy100700...', 'EMAIL', Array, NULL, 'email')
#6 C:\xampp\htdocs\BookingMeeting\system\Validation\Validation.php(170): CodeIgniter\Validation\Validation->processRules('email', 'email', 'Nonjarasy100700...', Array, Array)
#7 C:\xampp\htdocs\BookingMeeting\system\Controller.php(140): CodeIgniter\Validation\Validation->run()
#8 C:\xampp\htdocs\BookingMeeting\app\Controllers\user.php(80): CodeIgniter\Controller->validate(Array)
#9 C:\xampp\htdocs\BookingMeeting\system\CodeIgniter.php(934): App\Controllers\user->save_register()
#10 C:\xampp\htdocs\BookingMeeting\system\CodeIgniter.php(499): CodeIgniter\CodeIgniter->runController(Object(App\Controllers\user))
#11 C:\xampp\htdocs\BookingMeeting\system\CodeIgniter.php(368): CodeIgniter\CodeIgniter->handleRequest(NULL, Object(Config\Cache), false)
#12 C:\xampp\htdocs\BookingMeeting\public\index.php(67): CodeIgniter\CodeIgniter->run()
#13 C:\xampp\htdocs\BookingMeeting\system\Commands\Server\rewrite.php(47): require_once('C:\\xampp\\htdocs...')
#14 {main}
CRITICAL - 2023-05-22 08:45:09 --> Table 'booking_meeting.USERS' doesn't exist
in SYSTEMPATH\Database\MySQLi\Connection.php on line 295.
 1 SYSTEMPATH\Database\MySQLi\Connection.php(295): mysqli->query('SELECT 1
FROM `USERS`
WHERE `EMAIL` = \'Nonjarasy100700@gmail.com\'
 LIMIT 1', 0)
 2 SYSTEMPATH\Database\BaseConnection.php(692): CodeIgniter\Database\MySQLi\Connection->execute('SELECT 1
FROM `USERS`
WHERE `EMAIL` = \'Nonjarasy100700@gmail.com\'
 LIMIT 1')
 3 SYSTEMPATH\Database\BaseConnection.php(606): CodeIgniter\Database\BaseConnection->simpleQuery('SELECT 1
FROM `USERS`
WHERE `EMAIL` = \'Nonjarasy100700@gmail.com\'
 LIMIT 1')
 4 SYSTEMPATH\Database\BaseBuilder.php(1616): CodeIgniter\Database\BaseConnection->query('SELECT 1
FROM `USERS`
WHERE `EMAIL` = :EMAIL:
 LIMIT 1', [...], false)
 5 SYSTEMPATH\Validation\StrictRules\Rules.php(206): CodeIgniter\Database\BaseBuilder->get()
 6 SYSTEMPATH\Validation\Validation.php(312): CodeIgniter\Validation\StrictRules\Rules->is_unique('Nonjarasy100700@gmail.com', 'EMAIL', [...], null, 'email')
 7 SYSTEMPATH\Validation\Validation.php(170): CodeIgniter\Validation\Validation->processRules('email', 'email', 'Nonjarasy100700@gmail.com', [...], [...])
 8 SYSTEMPATH\Controller.php(140): CodeIgniter\Validation\Validation->run()
 9 APPPATH\Controllers\user.php(80): CodeIgniter\Controller->validate([...])
10 SYSTEMPATH\CodeIgniter.php(934): App\Controllers\user->save_register()
11 SYSTEMPATH\CodeIgniter.php(499): CodeIgniter\CodeIgniter->runController(Object(App\Controllers\user))
12 SYSTEMPATH\CodeIgniter.php(368): CodeIgniter\CodeIgniter->handleRequest(null, Object(Config\Cache), false)
13 FCPATH\index.php(67): CodeIgniter\CodeIgniter->run()
14 SYSTEMPATH\Commands\Server\rewrite.php(47): require_once('C:\\xampp\\htdocs\\BookingMeeting\\public\\index.php')
INFO - 2023-05-22 08:46:01 --> Session: Class initialized using 'CodeIgniter\Session\Handlers\FileHandler' driver.
INFO - 2023-05-22 08:46:32 --> Session: Class initialized using 'CodeIgniter\Session\Handlers\FileHandler' driver.
ERROR - 2023-05-22 08:46:38 --> mysqli_sql_exception: Table 'booking_meeting.USERS' doesn't exist in C:\xampp\htdocs\BookingMeeting\system\Database\MySQLi\Connection.php:295
Stack trace:
#0 C:\xampp\htdocs\BookingMeeting\system\Database\MySQLi\Connection.php(295): mysqli->query('SELECT 1\nFROM `...', 0)
#1 C:\xampp\htdocs\BookingMeeting\system\Database\BaseConnection.php(692): CodeIgniter\Database\MySQLi\Connection->execute('SELECT 1\nFROM `...')
#2 C:\xampp\htdocs\BookingMeeting\system\Database\BaseConnection.php(606): CodeIgniter\Database\BaseConnection->simpleQuery('SELECT 1\nFROM `...')
#3 C:\xampp\htdocs\BookingMeeting\system\Database\BaseBuilder.php(1616): CodeIgniter\Database\BaseConnection->query('SELECT 1\nFROM `...', Array, false)
#4 C:\xampp\htdocs\BookingMeeting\system\Validation\StrictRules\Rules.php(206): CodeIgniter\Database\BaseBuilder->get()
#5 C:\xampp\htdocs\BookingMeeting\system\Validation\Validation.php(312): CodeIgniter\Validation\StrictRules\Rules->is_unique('Nonjarasy100700...', 'EMAIL', Array, NULL, 'email')
#6 C:\xampp\htdocs\BookingMeeting\system\Validation\Validation.php(170): CodeIgniter\Validation\Validation->processRules('email', 'email', 'Nonjarasy100700...', Array, Array)
#7 C:\xampp\htdocs\BookingMeeting\system\Controller.php(140): CodeIgniter\Validation\Validation->run()
#8 C:\xampp\htdocs\BookingMeeting\app\Controllers\user.php(80): CodeIgniter\Controller->validate(Array)
#9 C:\xampp\htdocs\BookingMeeting\system\CodeIgniter.php(934): App\Controllers\user->save_register()
#10 C:\xampp\htdocs\BookingMeeting\system\CodeIgniter.php(499): CodeIgniter\CodeIgniter->runController(Object(App\Controllers\user))
#11 C:\xampp\htdocs\BookingMeeting\system\CodeIgniter.php(368): CodeIgniter\CodeIgniter->handleRequest(NULL, Object(Config\Cache), false)
#12 C:\xampp\htdocs\BookingMeeting\public\index.php(67): CodeIgniter\CodeIgniter->run()
#13 C:\xampp\htdocs\BookingMeeting\system\Commands\Server\rewrite.php(47): require_once('C:\\xampp\\htdocs...')
#14 {main}
CRITICAL - 2023-05-22 08:46:38 --> Table 'booking_meeting.USERS' doesn't exist
in SYSTEMPATH\Database\MySQLi\Connection.php on line 295.
 1 SYSTEMPATH\Database\MySQLi\Connection.php(295): mysqli->query('SELECT 1
FROM `USERS`
WHERE `EMAIL` = \'Nonjarasy100700@gmail.com\'
 LIMIT 1', 0)
 2 SYSTEMPATH\Database\BaseConnection.php(692): CodeIgniter\Database\MySQLi\Connection->execute('SELECT 1
FROM `USERS`
WHERE `EMAIL` = \'Nonjarasy100700@gmail.com\'
 LIMIT 1')
 3 SYSTEMPATH\Database\BaseConnection.php(606): CodeIgniter\Database\BaseConnection->simpleQuery('SELECT 1
FROM `USERS`
WHERE `EMAIL` = \'Nonjarasy100700@gmail.com\'
 LIMIT 1')
 4 SYSTEMPATH\Database\BaseBuilder.php(1616): CodeIgniter\Database\BaseConnection->query('SELECT 1
FROM `USERS`
WHERE `EMAIL` = :EMAIL:
 LIMIT 1', [...], false)
 5 SYSTEMPATH\Validation\StrictRules\Rules.php(206): CodeIgniter\Database\BaseBuilder->get()
 6 SYSTEMPATH\Validation\Validation.php(312): CodeIgniter\Validation\StrictRules\Rules->is_unique('Nonjarasy100700@gmail.com', 'EMAIL', [...], null, 'email')
 7 SYSTEMPATH\Validation\Validation.php(170): CodeIgniter\Validation\Validation->processRules('email', 'email', 'Nonjarasy100700@gmail.com', [...], [...])
 8 SYSTEMPATH\Controller.php(140): CodeIgniter\Validation\Validation->run()
 9 APPPATH\Controllers\user.php(80): CodeIgniter\Controller->validate([...])
10 SYSTEMPATH\CodeIgniter.php(934): App\Controllers\user->save_register()
11 SYSTEMPATH\CodeIgniter.php(499): CodeIgniter\CodeIgniter->runController(Object(App\Controllers\user))
12 SYSTEMPATH\CodeIgniter.php(368): CodeIgniter\CodeIgniter->handleRequest(null, Object(Config\Cache), false)
13 FCPATH\index.php(67): CodeIgniter\CodeIgniter->run()
14 SYSTEMPATH\Commands\Server\rewrite.php(47): require_once('C:\\xampp\\htdocs\\BookingMeeting\\public\\index.php')
INFO - 2023-05-22 08:50:17 --> Session: Class initialized using 'CodeIgniter\Session\Handlers\FileHandler' driver.
INFO - 2023-05-22 08:50:25 --> Session: Class initialized using 'CodeIgniter\Session\Handlers\FileHandler' driver.
INFO - 2023-05-22 08:50:33 --> Session: Class initialized using 'CodeIgniter\Session\Handlers\FileHandler' driver.
INFO - 2023-05-22 08:50:39 --> Session: Class initialized using 'CodeIgniter\Session\Handlers\FileHandler' driver.
INFO - 2023-05-22 08:50:47 --> Session: Class initialized using 'CodeIgniter\Session\Handlers\FileHandler' driver.
INFO - 2023-05-22 08:50:49 --> Session: Class initialized using 'CodeIgniter\Session\Handlers\FileHandler' driver.
INFO - 2023-05-22 08:50:52 --> Session: Class initialized using 'CodeIgniter\Session\Handlers\FileHandler' driver.
INFO - 2023-05-22 08:50:58 --> Session: Class initialized using 'CodeIgniter\Session\Handlers\FileHandler' driver.
INFO - 2023-05-22 08:51:07 --> Session: Class initialized using 'CodeIgniter\Session\Handlers\FileHandler' driver.
INFO - 2023-05-22 08:51:14 --> Session: Class initialized using 'CodeIgniter\Session\Handlers\FileHandler' driver.
INFO - 2023-05-22 08:51:36 --> Session: Class initialized using 'CodeIgniter\Session\Handlers\FileHandler' driver.
INFO - 2023-05-22 08:51:37 --> Session: Class initialized using 'CodeIgniter\Session\Handlers\FileHandler' driver.
INFO - 2023-05-22 08:51:38 --> Session: Class initialized using 'CodeIgniter\Session\Handlers\FileHandler' driver.
INFO - 2023-05-22 16:04:18 --> Session: Class initialized using 'CodeIgniter\Session\Handlers\FileHandler' driver.
INFO - 2023-05-22 16:05:37 --> Session: Class initialized using 'CodeIgniter\Session\Handlers\FileHandler' driver.
INFO - 2023-05-22 16:05:38 --> Session: Class initialized using 'CodeIgniter\Session\Handlers\FileHandler' driver.
INFO - 2023-05-22 16:41:57 --> Session: Class initialized using 'CodeIgniter\Session\Handlers\FileHandler' driver.
INFO - 2023-05-22 16:45:04 --> Session: Class initialized using 'CodeIgniter\Session\Handlers\FileHandler' driver.
INFO - 2023-05-22 16:49:59 --> Session: Class initialized using 'CodeIgniter\Session\Handlers\FileHandler' driver.
INFO - 2023-05-22 16:52:34 --> Session: Class initialized using 'CodeIgniter\Session\Handlers\FileHandler' driver.
INFO - 2023-05-22 16:54:08 --> Session: Class initialized using 'CodeIgniter\Session\Handlers\FileHandler' driver.
INFO - 2023-05-22 16:59:41 --> Session: Class initialized using 'CodeIgniter\Session\Handlers\FileHandler' driver.
CRITICAL - 2023-05-22 17:01:44 --> Undefined variable $Q_Picture
in APPPATH\Views\user\edit.php on line 11.
 1 APPPATH\Views\user\edit.php(11): CodeIgniter\Debug\Exceptions->errorHandler(2, 'Undefined variable $Q_Picture', 'C:\\xampp\\htdocs\\BookingMeeting\\app\\Views\\user\\edit.php', 11)
 2 SYSTEMPATH\View\View.php(213): include('C:\\xampp\\htdocs\\BookingMeeting\\app\\Views\\user\\edit.php')
 3 SYSTEMPATH\View\View.php(216): CodeIgniter\View\View->CodeIgniter\View\{closure}()
 4 SYSTEMPATH\Common.php(1184): CodeIgniter\View\View->render('user/edit', [], true)
 5 APPPATH\Controllers\user.php(143): view('user/edit')
 6 SYSTEMPATH\CodeIgniter.php(934): App\Controllers\user->edit()
 7 SYSTEMPATH\CodeIgniter.php(499): CodeIgniter\CodeIgniter->runController(Object(App\Controllers\user))
 8 SYSTEMPATH\CodeIgniter.php(368): CodeIgniter\CodeIgniter->handleRequest(null, Object(Config\Cache), false)
 9 FCPATH\index.php(67): CodeIgniter\CodeIgniter->run()
10 SYSTEMPATH\Commands\Server\rewrite.php(47): require_once('C:\\xampp\\htdocs\\BookingMeeting\\public\\index.php')
INFO - 2023-05-22 17:04:29 --> Session: Class initialized using 'CodeIgniter\Session\Handlers\FileHandler' driver.
INFO - 2023-05-22 17:06:05 --> Session: Class initialized using 'CodeIgniter\Session\Handlers\FileHandler' driver.
INFO - 2023-05-22 17:08:19 --> Session: Class initialized using 'CodeIgniter\Session\Handlers\FileHandler' driver.
INFO - 2023-05-22 17:08:20 --> Session: Class initialized using 'CodeIgniter\Session\Handlers\FileHandler' driver.
INFO - 2023-05-22 17:08:21 --> Session: Class initialized using 'CodeIgniter\Session\Handlers\FileHandler' driver.
INFO - 2023-05-22 17:08:21 --> Session: Class initialized using 'CodeIgniter\Session\Handlers\FileHandler' driver.
INFO - 2023-05-22 17:08:21 --> Session: Class initialized using 'CodeIgniter\Session\Handlers\FileHandler' driver.
INFO - 2023-05-22 17:08:21 --> Session: Class initialized using 'CodeIgniter\Session\Handlers\FileHandler' driver.
INFO - 2023-05-22 17:08:21 --> Session: Class initialized using 'CodeIgniter\Session\Handlers\FileHandler' driver.
INFO - 2023-05-22 17:08:22 --> Session: Class initialized using 'CodeIgniter\Session\Handlers\FileHandler' driver.
INFO - 2023-05-22 17:08:22 --> Session: Class initialized using 'CodeIgniter\Session\Handlers\FileHandler' driver.
INFO - 2023-05-22 17:08:23 --> Session: Class initialized using 'CodeIgniter\Session\Handlers\FileHandler' driver.
INFO - 2023-05-22 17:08:23 --> Session: Class initialized using 'CodeIgniter\Session\Handlers\FileHandler' driver.
INFO - 2023-05-22 17:08:23 --> Session: Class initialized using 'CodeIgniter\Session\Handlers\FileHandler' driver.
INFO - 2023-05-22 17:08:23 --> Session: Class initialized using 'CodeIgniter\Session\Handlers\FileHandler' driver.
INFO - 2023-05-22 17:08:23 --> Session: Class initialized using 'CodeIgniter\Session\Handlers\FileHandler' driver.
INFO - 2023-05-22 17:11:53 --> Session: Class initialized using 'CodeIgniter\Session\Handlers\FileHandler' driver.
INFO - 2023-05-22 17:13:12 --> Session: Class initialized using 'CodeIgniter\Session\Handlers\FileHandler' driver.
INFO - 2023-05-22 17:14:20 --> Session: Class initialized using 'CodeIgniter\Session\Handlers\FileHandler' driver.
INFO - 2023-05-22 17:21:14 --> Session: Class initialized using 'CodeIgniter\Session\Handlers\FileHandler' driver.
INFO - 2023-05-22 17:22:40 --> Session: Class initialized using 'CodeIgniter\Session\Handlers\FileHandler' driver.
INFO - 2023-05-22 17:23:01 --> Session: Class initialized using 'CodeIgniter\Session\Handlers\FileHandler' driver.
INFO - 2023-05-22 17:26:05 --> Session: Class initialized using 'CodeIgniter\Session\Handlers\FileHandler' driver.
INFO - 2023-05-22 17:26:42 --> Session: Class initialized using 'CodeIgniter\Session\Handlers\FileHandler' driver.
INFO - 2023-05-22 19:25:49 --> Session: Class initialized using 'CodeIgniter\Session\Handlers\FileHandler' driver.
INFO - 2023-05-22 19:26:00 --> Session: Class initialized using 'CodeIgniter\Session\Handlers\FileHandler' driver.
INFO - 2023-05-22 19:36:50 --> Session: Class initialized using 'CodeIgniter\Session\Handlers\FileHandler' driver.
INFO - 2023-05-22 19:43:07 --> Session: Class initialized using 'CodeIgniter\Session\Handlers\FileHandler' driver.
INFO - 2023-05-22 19:48:53 --> Session: Class initialized using 'CodeIgniter\Session\Handlers\FileHandler' driver.
INFO - 2023-05-22 19:49:07 --> Session: Class initialized using 'CodeIgniter\Session\Handlers\FileHandler' driver.
INFO - 2023-05-22 19:50:23 --> Session: Class initialized using 'CodeIgniter\Session\Handlers\FileHandler' driver.
INFO - 2023-05-22 19:50:46 --> Session: Class initialized using 'CodeIgniter\Session\Handlers\FileHandler' driver.
INFO - 2023-05-22 19:50:47 --> Session: Class initialized using 'CodeIgniter\Session\Handlers\FileHandler' driver.
INFO - 2023-05-22 19:50:48 --> Session: Class initialized using 'CodeIgniter\Session\Handlers\FileHandler' driver.
INFO - 2023-05-22 19:50:48 --> Session: Class initialized using 'CodeIgniter\Session\Handlers\FileHandler' driver.
INFO - 2023-05-22 19:50:49 --> Session: Class initialized using 'CodeIgniter\Session\Handlers\FileHandler' driver.
INFO - 2023-05-22 19:51:11 --> Session: Class initialized using 'CodeIgniter\Session\Handlers\FileHandler' driver.
INFO - 2023-05-22 19:54:55 --> Session: Class initialized using 'CodeIgniter\Session\Handlers\FileHandler' driver.
INFO - 2023-05-22 19:55:08 --> Session: Class initialized using 'CodeIgniter\Session\Handlers\FileHandler' driver.
INFO - 2023-05-22 19:55:21 --> Session: Class initialized using 'CodeIgniter\Session\Handlers\FileHandler' driver.
INFO - 2023-05-22 19:55:44 --> Session: Class initialized using 'CodeIgniter\Session\Handlers\FileHandler' driver.
INFO - 2023-05-22 19:56:38 --> Session: Class initialized using 'CodeIgniter\Session\Handlers\FileHandler' driver.
INFO - 2023-05-22 20:00:00 --> Session: Class initialized using 'CodeIgniter\Session\Handlers\FileHandler' driver.
INFO - 2023-05-22 20:00:13 --> Session: Class initialized using 'CodeIgniter\Session\Handlers\FileHandler' driver.
INFO - 2023-05-22 20:00:50 --> Session: Class initialized using 'CodeIgniter\Session\Handlers\FileHandler' driver.
INFO - 2023-05-22 20:01:18 --> Session: Class initialized using 'CodeIgniter\Session\Handlers\FileHandler' driver.
INFO - 2023-05-22 20:02:00 --> Session: Class initialized using 'CodeIgniter\Session\Handlers\FileHandler' driver.
INFO - 2023-05-22 20:02:02 --> Session: Class initialized using 'CodeIgniter\Session\Handlers\FileHandler' driver.
INFO - 2023-05-22 20:02:31 --> Session: Class initialized using 'CodeIgniter\Session\Handlers\FileHandler' driver.
INFO - 2023-05-22 20:02:54 --> Session: Class initialized using 'CodeIgniter\Session\Handlers\FileHandler' driver.
INFO - 2023-05-22 20:04:21 --> Session: Class initialized using 'CodeIgniter\Session\Handlers\FileHandler' driver.
INFO - 2023-05-22 20:06:52 --> Session: Class initialized using 'CodeIgniter\Session\Handlers\FileHandler' driver.
INFO - 2023-05-22 20:07:03 --> Session: Class initialized using 'CodeIgniter\Session\Handlers\FileHandler' driver.
INFO - 2023-05-22 20:09:02 --> Session: Class initialized using 'CodeIgniter\Session\Handlers\FileHandler' driver.
INFO - 2023-05-22 20:14:57 --> Session: Class initialized using 'CodeIgniter\Session\Handlers\FileHandler' driver.
INFO - 2023-05-22 20:15:36 --> Session: Class initialized using 'CodeIgniter\Session\Handlers\FileHandler' driver.
INFO - 2023-05-22 20:16:46 --> Session: Class initialized using 'CodeIgniter\Session\Handlers\FileHandler' driver.
INFO - 2023-05-22 20:21:24 --> Session: Class initialized using 'CodeIgniter\Session\Handlers\FileHandler' driver.
INFO - 2023-05-22 20:21:48 --> Session: Class initialized using 'CodeIgniter\Session\Handlers\FileHandler' driver.
INFO - 2023-05-22 20:22:21 --> Session: Class initialized using 'CodeIgniter\Session\Handlers\FileHandler' driver.
INFO - 2023-05-22 20:22:58 --> Session: Class initialized using 'CodeIgniter\Session\Handlers\FileHandler' driver.
INFO - 2023-05-22 20:28:47 --> Session: Class initialized using 'CodeIgniter\Session\Handlers\FileHandler' driver.
INFO - 2023-05-22 20:29:35 --> Session: Class initialized using 'CodeIgniter\Session\Handlers\FileHandler' driver.
INFO - 2023-05-22 20:29:58 --> Session: Class initialized using 'CodeIgniter\Session\Handlers\FileHandler' driver.
INFO - 2023-05-22 20:30:15 --> Session: Class initialized using 'CodeIgniter\Session\Handlers\FileHandler' driver.
INFO - 2023-05-22 20:30:26 --> Session: Class initialized using 'CodeIgniter\Session\Handlers\FileHandler' driver.
INFO - 2023-05-22 20:31:13 --> Session: Class initialized using 'CodeIgniter\Session\Handlers\FileHandler' driver.
INFO - 2023-05-22 20:31:14 --> Session: Class initialized using 'CodeIgniter\Session\Handlers\FileHandler' driver.
INFO - 2023-05-22 20:32:00 --> Session: Class initialized using 'CodeIgniter\Session\Handlers\FileHandler' driver.
INFO - 2023-05-22 20:36:14 --> Session: Class initialized using 'CodeIgniter\Session\Handlers\FileHandler' driver.
INFO - 2023-05-22 20:36:32 --> Session: Class initialized using 'CodeIgniter\Session\Handlers\FileHandler' driver.
INFO - 2023-05-22 20:36:33 --> Session: Class initialized using 'CodeIgniter\Session\Handlers\FileHandler' driver.
INFO - 2023-05-22 20:36:38 --> Session: Class initialized using 'CodeIgniter\Session\Handlers\FileHandler' driver.
INFO - 2023-05-22 20:36:49 --> Session: Class initialized using 'CodeIgniter\Session\Handlers\FileHandler' driver.
INFO - 2023-05-22 20:37:01 --> Session: Class initialized using 'CodeIgniter\Session\Handlers\FileHandler' driver.
INFO - 2023-05-22 20:38:27 --> Session: Class initialized using 'CodeIgniter\Session\Handlers\FileHandler' driver.
INFO - 2023-05-22 20:39:35 --> Session: Class initialized using 'CodeIgniter\Session\Handlers\FileHandler' driver.
INFO - 2023-05-22 20:39:35 --> Session: Class initialized using 'CodeIgniter\Session\Handlers\FileHandler' driver.
INFO - 2023-05-22 20:39:36 --> Session: Class initialized using 'CodeIgniter\Session\Handlers\FileHandler' driver.
INFO - 2023-05-22 20:39:36 --> Session: Class initialized using 'CodeIgniter\Session\Handlers\FileHandler' driver.
INFO - 2023-05-22 20:39:36 --> Session: Class initialized using 'CodeIgniter\Session\Handlers\FileHandler' driver.
INFO - 2023-05-22 20:39:36 --> Session: Class initialized using 'CodeIgniter\Session\Handlers\FileHandler' driver.
INFO - 2023-05-22 20:39:36 --> Session: Class initialized using 'CodeIgniter\Session\Handlers\FileHandler' driver.
INFO - 2023-05-22 20:39:36 --> Session: Class initialized using 'CodeIgniter\Session\Handlers\FileHandler' driver.
INFO - 2023-05-22 20:39:37 --> Session: Class initialized using 'CodeIgniter\Session\Handlers\FileHandler' driver.
INFO - 2023-05-22 20:44:15 --> Session: Class initialized using 'CodeIgniter\Session\Handlers\FileHandler' driver.
INFO - 2023-05-22 20:48:21 --> Session: Class initialized using 'CodeIgniter\Session\Handlers\FileHandler' driver.
CRITICAL - 2023-05-22 20:48:21 --> Undefined variable $arr_month
in APPPATH\Views\user\forgot_password.php on line 29.
 1 APPPATH\Views\user\forgot_password.php(29): CodeIgniter\Debug\Exceptions->errorHandler(2, 'Undefined variable $arr_month', 'C:\\xampp\\htdocs\\BookingMeeting\\app\\Views\\user\\forgot_password.php', 29)
 2 SYSTEMPATH\View\View.php(213): include('C:\\xampp\\htdocs\\BookingMeeting\\app\\Views\\user\\forgot_password.php')
 3 SYSTEMPATH\View\View.php(216): CodeIgniter\View\View->CodeIgniter\View\{closure}()
 4 SYSTEMPATH\Common.php(1184): CodeIgniter\View\View->render('user/forgot_password', [], true)
 5 APPPATH\Controllers\user.php(249): view('user/forgot_password')
 6 SYSTEMPATH\CodeIgniter.php(934): App\Controllers\user->forgot_password()
 7 SYSTEMPATH\CodeIgniter.php(499): CodeIgniter\CodeIgniter->runController(Object(App\Controllers\user))
 8 SYSTEMPATH\CodeIgniter.php(368): CodeIgniter\CodeIgniter->handleRequest(null, Object(Config\Cache), false)
 9 FCPATH\index.php(67): CodeIgniter\CodeIgniter->run()
10 SYSTEMPATH\Commands\Server\rewrite.php(47): require_once('C:\\xampp\\htdocs\\BookingMeeting\\public\\index.php')
INFO - 2023-05-22 20:49:06 --> Session: Class initialized using 'CodeIgniter\Session\Handlers\FileHandler' driver.
INFO - 2023-05-22 20:51:22 --> Session: Class initialized using 'CodeIgniter\Session\Handlers\FileHandler' driver.
INFO - 2023-05-22 20:53:03 --> Session: Class initialized using 'CodeIgniter\Session\Handlers\FileHandler' driver.
INFO - 2023-05-22 20:53:04 --> Session: Class initialized using 'CodeIgniter\Session\Handlers\FileHandler' driver.
INFO - 2023-05-22 20:53:04 --> Session: Class initialized using 'CodeIgniter\Session\Handlers\FileHandler' driver.
INFO - 2023-05-22 20:53:04 --> Session: Class initialized using 'CodeIgniter\Session\Handlers\FileHandler' driver.
INFO - 2023-05-22 20:53:04 --> Session: Class initialized using 'CodeIgniter\Session\Handlers\FileHandler' driver.
INFO - 2023-05-22 20:53:04 --> Session: Class initialized using 'CodeIgniter\Session\Handlers\FileHandler' driver.
INFO - 2023-05-22 20:53:05 --> Session: Class initialized using 'CodeIgniter\Session\Handlers\FileHandler' driver.
INFO - 2023-05-22 20:53:05 --> Session: Class initialized using 'CodeIgniter\Session\Handlers\FileHandler' driver.
INFO - 2023-05-22 20:53:22 --> Session: Class initialized using 'CodeIgniter\Session\Handlers\FileHandler' driver.
INFO - 2023-05-22 20:53:22 --> Session: Class initialized using 'CodeIgniter\Session\Handlers\FileHandler' driver.
INFO - 2023-05-22 20:55:31 --> Session: Class initialized using 'CodeIgniter\Session\Handlers\FileHandler' driver.
INFO - 2023-05-22 20:56:40 --> Session: Class initialized using 'CodeIgniter\Session\Handlers\FileHandler' driver.
INFO - 2023-05-22 20:57:47 --> Session: Class initialized using 'CodeIgniter\Session\Handlers\FileHandler' driver.
INFO - 2023-05-22 20:59:19 --> Session: Class initialized using 'CodeIgniter\Session\Handlers\FileHandler' driver.
INFO - 2023-05-22 20:59:20 --> Session: Class initialized using 'CodeIgniter\Session\Handlers\FileHandler' driver.
INFO - 2023-05-22 21:00:53 --> Session: Class initialized using 'CodeIgniter\Session\Handlers\FileHandler' driver.
INFO - 2023-05-22 21:00:54 --> Session: Class initialized using 'CodeIgniter\Session\Handlers\FileHandler' driver.
INFO - 2023-05-22 21:00:54 --> Session: Class initialized using 'CodeIgniter\Session\Handlers\FileHandler' driver.
INFO - 2023-05-22 21:00:54 --> Session: Class initialized using 'CodeIgniter\Session\Handlers\FileHandler' driver.
INFO - 2023-05-22 21:00:54 --> Session: Class initialized using 'CodeIgniter\Session\Handlers\FileHandler' driver.
INFO - 2023-05-22 21:00:55 --> Session: Class initialized using 'CodeIgniter\Session\Handlers\FileHandler' driver.
INFO - 2023-05-22 21:00:55 --> Session: Class initialized using 'CodeIgniter\Session\Handlers\FileHandler' driver.
INFO - 2023-05-22 21:00:55 --> Session: Class initialized using 'CodeIgniter\Session\Handlers\FileHandler' driver.
INFO - 2023-05-22 21:00:55 --> Session: Class initialized using 'CodeIgniter\Session\Handlers\FileHandler' driver.
INFO - 2023-05-22 21:00:55 --> Session: Class initialized using 'CodeIgniter\Session\Handlers\FileHandler' driver.
INFO - 2023-05-22 21:00:55 --> Session: Class initialized using 'CodeIgniter\Session\Handlers\FileHandler' driver.
INFO - 2023-05-22 21:00:56 --> Session: Class initialized using 'CodeIgniter\Session\Handlers\FileHandler' driver.
INFO - 2023-05-22 21:00:56 --> Session: Class initialized using 'CodeIgniter\Session\Handlers\FileHandler' driver.
INFO - 2023-05-22 21:00:56 --> Session: Class initialized using 'CodeIgniter\Session\Handlers\FileHandler' driver.
INFO - 2023-05-22 21:01:37 --> Session: Class initialized using 'CodeIgniter\Session\Handlers\FileHandler' driver.
INFO - 2023-05-22 21:03:02 --> Session: Class initialized using 'CodeIgniter\Session\Handlers\FileHandler' driver.
INFO - 2023-05-22 21:46:38 --> Session: Class initialized using 'CodeIgniter\Session\Handlers\FileHandler' driver.
ERROR - 2023-05-22 21:46:39 --> Error connecting to the database: mysqli_sql_exception: Unknown database 'booking_meeting' in C:\xampp\htdocs\BookingMeeting\system\Database\MySQLi\Connection.php:174
Stack trace:
#0 C:\xampp\htdocs\BookingMeeting\system\Database\MySQLi\Connection.php(174): mysqli->real_connect('localhost', 'root', '', 'booking_meeting', 3306, '', 0)
#1 C:\xampp\htdocs\BookingMeeting\system\Database\BaseConnection.php(391): CodeIgniter\Database\MySQLi\Connection->connect(false)
#2 C:\xampp\htdocs\BookingMeeting\system\Database\BaseConnection.php(574): CodeIgniter\Database\BaseConnection->initialize()
#3 C:\xampp\htdocs\BookingMeeting\system\Database\BaseBuilder.php(2309): CodeIgniter\Database\BaseConnection->query('INSERT INTO `US...', Array, false)
#4 C:\xampp\htdocs\BookingMeeting\app\Models\UserModel.php(130): CodeIgniter\Database\BaseBuilder->insert(Array)
#5 C:\xampp\htdocs\BookingMeeting\app\Controllers\user.php(281): App\Models\UserModel->genarate_admin()
#6 C:\xampp\htdocs\BookingMeeting\system\CodeIgniter.php(934): App\Controllers\user->genarate_admin()
#7 C:\xampp\htdocs\BookingMeeting\system\CodeIgniter.php(499): CodeIgniter\CodeIgniter->runController(Object(App\Controllers\user))
#8 C:\xampp\htdocs\BookingMeeting\system\CodeIgniter.php(368): CodeIgniter\CodeIgniter->handleRequest(NULL, Object(Config\Cache), false)
#9 C:\xampp\htdocs\BookingMeeting\public\index.php(67): CodeIgniter\CodeIgniter->run()
#10 C:\xampp\htdocs\BookingMeeting\system\Commands\Server\rewrite.php(47): require_once('C:\\xampp\\htdocs...')
#11 {main}

Next CodeIgniter\Database\Exceptions\DatabaseException: Unknown database 'booking_meeting' in C:\xampp\htdocs\BookingMeeting\system\Database\MySQLi\Connection.php:218
Stack trace:
#0 C:\xampp\htdocs\BookingMeeting\system\Database\BaseConnection.php(391): CodeIgniter\Database\MySQLi\Connection->connect(false)
#1 C:\xampp\htdocs\BookingMeeting\system\Database\BaseConnection.php(574): CodeIgniter\Database\BaseConnection->initialize()
#2 C:\xampp\htdocs\BookingMeeting\system\Database\BaseBuilder.php(2309): CodeIgniter\Database\BaseConnection->query('INSERT INTO `US...', Array, false)
#3 C:\xampp\htdocs\BookingMeeting\app\Models\UserModel.php(130): CodeIgniter\Database\BaseBuilder->insert(Array)
#4 C:\xampp\htdocs\BookingMeeting\app\Controllers\user.php(281): App\Models\UserModel->genarate_admin()
#5 C:\xampp\htdocs\BookingMeeting\system\CodeIgniter.php(934): App\Controllers\user->genarate_admin()
#6 C:\xampp\htdocs\BookingMeeting\system\CodeIgniter.php(499): CodeIgniter\CodeIgniter->runController(Object(App\Controllers\user))
#7 C:\xampp\htdocs\BookingMeeting\system\CodeIgniter.php(368): CodeIgniter\CodeIgniter->handleRequest(NULL, Object(Config\Cache), false)
#8 C:\xampp\htdocs\BookingMeeting\public\index.php(67): CodeIgniter\CodeIgniter->run()
#9 C:\xampp\htdocs\BookingMeeting\system\Commands\Server\rewrite.php(47): require_once('C:\\xampp\\htdocs...')
#10 {main}
CRITICAL - 2023-05-22 21:46:39 --> Unable to connect to the database.
Main connection [MySQLi]: Unknown database 'booking_meeting'
in SYSTEMPATH\Database\BaseConnection.php on line 427.
 1 SYSTEMPATH\Database\BaseConnection.php(574): CodeIgniter\Database\BaseConnection->initialize()
 2 SYSTEMPATH\Database\BaseBuilder.php(2309): CodeIgniter\Database\BaseConnection->query('INSERT INTO `USERS` (`FIRSTNAME`, `LASTNAME`, `ID_CARD`, `BIRTHDAY`, `STUDENT_ID`, `EMAIL`, `PHONE`, `PASSWORD`, `USER_POSITION`, `IP_ADDRESS`, `CREATE_AT`, `CREATE_BY`, `USER_ACTIVE`) VALUES (:FIRSTNAME:, :LASTNAME:, :ID_CARD:, :BIRTHDAY:, :STUDENT_ID:, :EMAIL:, :PHONE:, :PASSWORD:, :USER_POSITION:, :IP_ADDRESS:, :CREATE_AT:, :CREATE_BY:, :USER_ACTIVE:)', [...], false)
 3 APPPATH\Models\UserModel.php(130): CodeIgniter\Database\BaseBuilder->insert([...])
 4 APPPATH\Controllers\user.php(281): App\Models\UserModel->genarate_admin()
 5 SYSTEMPATH\CodeIgniter.php(934): App\Controllers\user->genarate_admin()
 6 SYSTEMPATH\CodeIgniter.php(499): CodeIgniter\CodeIgniter->runController(Object(App\Controllers\user))
 7 SYSTEMPATH\CodeIgniter.php(368): CodeIgniter\CodeIgniter->handleRequest(null, Object(Config\Cache), false)
 8 FCPATH\index.php(67): CodeIgniter\CodeIgniter->run()
 9 SYSTEMPATH\Commands\Server\rewrite.php(47): require_once('C:\\xampp\\htdocs\\BookingMeeting\\public\\index.php')
INFO - 2023-05-22 21:48:56 --> Session: Class initialized using 'CodeIgniter\Session\Handlers\FileHandler' driver.
ERROR - 2023-05-22 21:48:56 --> mysqli_sql_exception: Cannot add or update a child row: a foreign key constraint fails (`booking_meeting`.`users`, CONSTRAINT `fk_user_position` FOREIGN KEY (`USER_POSITION`) REFERENCES `position` (`P_ID`) ON DELETE CASCADE) in C:\xampp\htdocs\BookingMeeting\system\Database\MySQLi\Connection.php:295
Stack trace:
#0 C:\xampp\htdocs\BookingMeeting\system\Database\MySQLi\Connection.php(295): mysqli->query('INSERT INTO `US...', 0)
#1 C:\xampp\htdocs\BookingMeeting\system\Database\BaseConnection.php(692): CodeIgniter\Database\MySQLi\Connection->execute('INSERT INTO `US...')
#2 C:\xampp\htdocs\BookingMeeting\system\Database\BaseConnection.php(606): CodeIgniter\Database\BaseConnection->simpleQuery('INSERT INTO `US...')
#3 C:\xampp\htdocs\BookingMeeting\system\Database\BaseBuilder.php(2309): CodeIgniter\Database\BaseConnection->query('INSERT INTO `US...', Array, false)
#4 C:\xampp\htdocs\BookingMeeting\app\Models\UserModel.php(130): CodeIgniter\Database\BaseBuilder->insert(Array)
#5 C:\xampp\htdocs\BookingMeeting\app\Controllers\user.php(281): App\Models\UserModel->genarate_admin()
#6 C:\xampp\htdocs\BookingMeeting\system\CodeIgniter.php(934): App\Controllers\user->genarate_admin()
#7 C:\xampp\htdocs\BookingMeeting\system\CodeIgniter.php(499): CodeIgniter\CodeIgniter->runController(Object(App\Controllers\user))
#8 C:\xampp\htdocs\BookingMeeting\system\CodeIgniter.php(368): CodeIgniter\CodeIgniter->handleRequest(NULL, Object(Config\Cache), false)
#9 C:\xampp\htdocs\BookingMeeting\public\index.php(67): CodeIgniter\CodeIgniter->run()
#10 C:\xampp\htdocs\BookingMeeting\system\Commands\Server\rewrite.php(47): require_once('C:\\xampp\\htdocs...')
#11 {main}
CRITICAL - 2023-05-22 21:48:56 --> Cannot add or update a child row: a foreign key constraint fails (`booking_meeting`.`users`, CONSTRAINT `fk_user_position` FOREIGN KEY (`USER_POSITION`) REFERENCES `position` (`P_ID`) ON DELETE CASCADE)
in SYSTEMPATH\Database\MySQLi\Connection.php on line 295.
 1 SYSTEMPATH\Database\MySQLi\Connection.php(295): mysqli->query('INSERT INTO `USERS` (`FIRSTNAME`, `LASTNAME`, `ID_CARD`, `BIRTHDAY`, `STUDENT_ID`, `EMAIL`, `PHONE`, `PASSWORD`, `USER_POSITION`, `IP_ADDRESS`, `CREATE_AT`, `CREATE_BY`, `USER_ACTIVE`) VALUES (\'PXdN5Fa\', \'DLbZAsa4at\', \'0912394281043\', \'2023-05-22\', \'780477211\', \'NJtSLPua@fj9J8.com\', \'0863596526\', \'$2y$10$BtWmKQn61ZT1.Cbj2nM0zulo/fIInk1J9INYA.3g9SAjlc2NcH/Pq\', \'4\', \'192.168.0.1\', \'2023-05-22 21:48:56\', \'-1\', \'1\')', 0)
 2 SYSTEMPATH\Database\BaseConnection.php(692): CodeIgniter\Database\MySQLi\Connection->execute('INSERT INTO `USERS` (`FIRSTNAME`, `LASTNAME`, `ID_CARD`, `BIRTHDAY`, `STUDENT_ID`, `EMAIL`, `PHONE`, `PASSWORD`, `USER_POSITION`, `IP_ADDRESS`, `CREATE_AT`, `CREATE_BY`, `USER_ACTIVE`) VALUES (\'PXdN5Fa\', \'DLbZAsa4at\', \'0912394281043\', \'2023-05-22\', \'780477211\', \'NJtSLPua@fj9J8.com\', \'0863596526\', \'$2y$10$BtWmKQn61ZT1.Cbj2nM0zulo/fIInk1J9INYA.3g9SAjlc2NcH/Pq\', \'4\', \'192.168.0.1\', \'2023-05-22 21:48:56\', \'-1\', \'1\')')
 3 SYSTEMPATH\Database\BaseConnection.php(606): CodeIgniter\Database\BaseConnection->simpleQuery('INSERT INTO `USERS` (`FIRSTNAME`, `LASTNAME`, `ID_CARD`, `BIRTHDAY`, `STUDENT_ID`, `EMAIL`, `PHONE`, `PASSWORD`, `USER_POSITION`, `IP_ADDRESS`, `CREATE_AT`, `CREATE_BY`, `USER_ACTIVE`) VALUES (\'PXdN5Fa\', \'DLbZAsa4at\', \'0912394281043\', \'2023-05-22\', \'780477211\', \'NJtSLPua@fj9J8.com\', \'0863596526\', \'$2y$10$BtWmKQn61ZT1.Cbj2nM0zulo/fIInk1J9INYA.3g9SAjlc2NcH/Pq\', \'4\', \'192.168.0.1\', \'2023-05-22 21:48:56\', \'-1\', \'1\')')
 4 SYSTEMPATH\Database\BaseBuilder.php(2309): CodeIgniter\Database\BaseConnection->query('INSERT INTO `USERS` (`FIRSTNAME`, `LASTNAME`, `ID_CARD`, `BIRTHDAY`, `STUDENT_ID`, `EMAIL`, `PHONE`, `PASSWORD`, `USER_POSITION`, `IP_ADDRESS`, `CREATE_AT`, `CREATE_BY`, `USER_ACTIVE`) VALUES (:FIRSTNAME:, :LASTNAME:, :ID_CARD:, :BIRTHDAY:, :STUDENT_ID:, :EMAIL:, :PHONE:, :PASSWORD:, :USER_POSITION:, :IP_ADDRESS:, :CREATE_AT:, :CREATE_BY:, :USER_ACTIVE:)', [...], false)
 5 APPPATH\Models\UserModel.php(130): CodeIgniter\Database\BaseBuilder->insert([...])
 6 APPPATH\Controllers\user.php(281): App\Models\UserModel->genarate_admin()
 7 SYSTEMPATH\CodeIgniter.php(934): App\Controllers\user->genarate_admin()
 8 SYSTEMPATH\CodeIgniter.php(499): CodeIgniter\CodeIgniter->runController(Object(App\Controllers\user))
 9 SYSTEMPATH\CodeIgniter.php(368): CodeIgniter\CodeIgniter->handleRequest(null, Object(Config\Cache), false)
10 FCPATH\index.php(67): CodeIgniter\CodeIgniter->run()
11 SYSTEMPATH\Commands\Server\rewrite.php(47): require_once('C:\\xampp\\htdocs\\BookingMeeting\\public\\index.php')
INFO - 2023-05-22 21:49:00 --> Session: Class initialized using 'CodeIgniter\Session\Handlers\FileHandler' driver.
ERROR - 2023-05-22 21:49:00 --> mysqli_sql_exception: Cannot add or update a child row: a foreign key constraint fails (`booking_meeting`.`users`, CONSTRAINT `fk_user_position` FOREIGN KEY (`USER_POSITION`) REFERENCES `position` (`P_ID`) ON DELETE CASCADE) in C:\xampp\htdocs\BookingMeeting\system\Database\MySQLi\Connection.php:295
Stack trace:
#0 C:\xampp\htdocs\BookingMeeting\system\Database\MySQLi\Connection.php(295): mysqli->query('INSERT INTO `US...', 0)
#1 C:\xampp\htdocs\BookingMeeting\system\Database\BaseConnection.php(692): CodeIgniter\Database\MySQLi\Connection->execute('INSERT INTO `US...')
#2 C:\xampp\htdocs\BookingMeeting\system\Database\BaseConnection.php(606): CodeIgniter\Database\BaseConnection->simpleQuery('INSERT INTO `US...')
#3 C:\xampp\htdocs\BookingMeeting\system\Database\BaseBuilder.php(2309): CodeIgniter\Database\BaseConnection->query('INSERT INTO `US...', Array, false)
#4 C:\xampp\htdocs\BookingMeeting\app\Models\UserModel.php(130): CodeIgniter\Database\BaseBuilder->insert(Array)
#5 C:\xampp\htdocs\BookingMeeting\app\Controllers\user.php(281): App\Models\UserModel->genarate_admin()
#6 C:\xampp\htdocs\BookingMeeting\system\CodeIgniter.php(934): App\Controllers\user->genarate_admin()
#7 C:\xampp\htdocs\BookingMeeting\system\CodeIgniter.php(499): CodeIgniter\CodeIgniter->runController(Object(App\Controllers\user))
#8 C:\xampp\htdocs\BookingMeeting\system\CodeIgniter.php(368): CodeIgniter\CodeIgniter->handleRequest(NULL, Object(Config\Cache), false)
#9 C:\xampp\htdocs\BookingMeeting\public\index.php(67): CodeIgniter\CodeIgniter->run()
#10 C:\xampp\htdocs\BookingMeeting\system\Commands\Server\rewrite.php(47): require_once('C:\\xampp\\htdocs...')
#11 {main}
CRITICAL - 2023-05-22 21:49:00 --> Cannot add or update a child row: a foreign key constraint fails (`booking_meeting`.`users`, CONSTRAINT `fk_user_position` FOREIGN KEY (`USER_POSITION`) REFERENCES `position` (`P_ID`) ON DELETE CASCADE)
in SYSTEMPATH\Database\MySQLi\Connection.php on line 295.
 1 SYSTEMPATH\Database\MySQLi\Connection.php(295): mysqli->query('INSERT INTO `USERS` (`FIRSTNAME`, `LASTNAME`, `ID_CARD`, `BIRTHDAY`, `STUDENT_ID`, `EMAIL`, `PHONE`, `PASSWORD`, `USER_POSITION`, `IP_ADDRESS`, `CREATE_AT`, `CREATE_BY`, `USER_ACTIVE`) VALUES (\'1gFiQk7\', \'J9Cu9BSpbI\', \'3111664103885\', \'2023-05-22\', \'326776083\', \'yU9SjrGg@Gg33d.com\', \'0487562956\', \'$2y$10$SWHswZt/YKBke6dy9ab/aODPG6TmOG359Fm0tkeBuWcEPSe/PiBIa\', \'4\', \'192.168.0.1\', \'2023-05-22 21:49:00\', \'-1\', \'1\')', 0)
 2 SYSTEMPATH\Database\BaseConnection.php(692): CodeIgniter\Database\MySQLi\Connection->execute('INSERT INTO `USERS` (`FIRSTNAME`, `LASTNAME`, `ID_CARD`, `BIRTHDAY`, `STUDENT_ID`, `EMAIL`, `PHONE`, `PASSWORD`, `USER_POSITION`, `IP_ADDRESS`, `CREATE_AT`, `CREATE_BY`, `USER_ACTIVE`) VALUES (\'1gFiQk7\', \'J9Cu9BSpbI\', \'3111664103885\', \'2023-05-22\', \'326776083\', \'yU9SjrGg@Gg33d.com\', \'0487562956\', \'$2y$10$SWHswZt/YKBke6dy9ab/aODPG6TmOG359Fm0tkeBuWcEPSe/PiBIa\', \'4\', \'192.168.0.1\', \'2023-05-22 21:49:00\', \'-1\', \'1\')')
 3 SYSTEMPATH\Database\BaseConnection.php(606): CodeIgniter\Database\BaseConnection->simpleQuery('INSERT INTO `USERS` (`FIRSTNAME`, `LASTNAME`, `ID_CARD`, `BIRTHDAY`, `STUDENT_ID`, `EMAIL`, `PHONE`, `PASSWORD`, `USER_POSITION`, `IP_ADDRESS`, `CREATE_AT`, `CREATE_BY`, `USER_ACTIVE`) VALUES (\'1gFiQk7\', \'J9Cu9BSpbI\', \'3111664103885\', \'2023-05-22\', \'326776083\', \'yU9SjrGg@Gg33d.com\', \'0487562956\', \'$2y$10$SWHswZt/YKBke6dy9ab/aODPG6TmOG359Fm0tkeBuWcEPSe/PiBIa\', \'4\', \'192.168.0.1\', \'2023-05-22 21:49:00\', \'-1\', \'1\')')
 4 SYSTEMPATH\Database\BaseBuilder.php(2309): CodeIgniter\Database\BaseConnection->query('INSERT INTO `USERS` (`FIRSTNAME`, `LASTNAME`, `ID_CARD`, `BIRTHDAY`, `STUDENT_ID`, `EMAIL`, `PHONE`, `PASSWORD`, `USER_POSITION`, `IP_ADDRESS`, `CREATE_AT`, `CREATE_BY`, `USER_ACTIVE`) VALUES (:FIRSTNAME:, :LASTNAME:, :ID_CARD:, :BIRTHDAY:, :STUDENT_ID:, :EMAIL:, :PHONE:, :PASSWORD:, :USER_POSITION:, :IP_ADDRESS:, :CREATE_AT:, :CREATE_BY:, :USER_ACTIVE:)', [...], false)
 5 APPPATH\Models\UserModel.php(130): CodeIgniter\Database\BaseBuilder->insert([...])
 6 APPPATH\Controllers\user.php(281): App\Models\UserModel->genarate_admin()
 7 SYSTEMPATH\CodeIgniter.php(934): App\Controllers\user->genarate_admin()
 8 SYSTEMPATH\CodeIgniter.php(499): CodeIgniter\CodeIgniter->runController(Object(App\Controllers\user))
 9 SYSTEMPATH\CodeIgniter.php(368): CodeIgniter\CodeIgniter->handleRequest(null, Object(Config\Cache), false)
10 FCPATH\index.php(67): CodeIgniter\CodeIgniter->run()
11 SYSTEMPATH\Commands\Server\rewrite.php(47): require_once('C:\\xampp\\htdocs\\BookingMeeting\\public\\index.php')
INFO - 2023-05-22 21:51:06 --> Session: Class initialized using 'CodeIgniter\Session\Handlers\FileHandler' driver.
INFO - 2023-05-22 21:51:14 --> Session: Class initialized using 'CodeIgniter\Session\Handlers\FileHandler' driver.
INFO - 2023-05-22 21:51:42 --> Session: Class initialized using 'CodeIgniter\Session\Handlers\FileHandler' driver.
INFO - 2023-05-22 21:51:50 --> Session: Class initialized using 'CodeIgniter\Session\Handlers\FileHandler' driver.
INFO - 2023-05-22 21:51:51 --> Session: Class initialized using 'CodeIgniter\Session\Handlers\FileHandler' driver.
INFO - 2023-05-22 21:52:04 --> Session: Class initialized using 'CodeIgniter\Session\Handlers\FileHandler' driver.
INFO - 2023-05-22 21:52:11 --> Session: Class initialized using 'CodeIgniter\Session\Handlers\FileHandler' driver.
INFO - 2023-05-22 21:52:13 --> Session: Class initialized using 'CodeIgniter\Session\Handlers\FileHandler' driver.
INFO - 2023-05-22 21:52:28 --> Session: Class initialized using 'CodeIgniter\Session\Handlers\FileHandler' driver.
INFO - 2023-05-22 21:52:30 --> Session: Class initialized using 'CodeIgniter\Session\Handlers\FileHandler' driver.
INFO - 2023-05-22 21:52:31 --> Session: Class initialized using 'CodeIgniter\Session\Handlers\FileHandler' driver.
INFO - 2023-05-22 21:53:10 --> Session: Class initialized using 'CodeIgniter\Session\Handlers\FileHandler' driver.
INFO - 2023-05-22 21:54:55 --> Session: Class initialized using 'CodeIgniter\Session\Handlers\FileHandler' driver.
INFO - 2023-05-22 21:54:59 --> Session: Class initialized using 'CodeIgniter\Session\Handlers\FileHandler' driver.
INFO - 2023-05-22 21:55:41 --> Session: Class initialized using 'CodeIgniter\Session\Handlers\FileHandler' driver.
INFO - 2023-05-22 21:55:44 --> Session: Class initialized using 'CodeIgniter\Session\Handlers\FileHandler' driver.
INFO - 2023-05-22 21:58:59 --> Session: Class initialized using 'CodeIgniter\Session\Handlers\FileHandler' driver.
INFO - 2023-05-22 21:59:06 --> Session: Class initialized using 'CodeIgniter\Session\Handlers\FileHandler' driver.
INFO - 2023-05-22 21:59:09 --> Session: Class initialized using 'CodeIgniter\Session\Handlers\FileHandler' driver.
INFO - 2023-05-22 21:59:15 --> Session: Class initialized using 'CodeIgniter\Session\Handlers\FileHandler' driver.
